2021-03-23 11:18:44,495 INFO org.hibernate.validator.internal.util.Version [background-preinit] HV000001: Hibernate Validator 6.1.6.Final
2021-03-23 11:18:44,505 INFO org.springframework.boot.StartupInfoLogger [restartedMain] Starting ProductApplication using Java 14.0.2 on DESKTOP-QN882RI with PID 5236 (D:\Poongs\eclipse-workspace\product-demo-workspace\ProductDemo\target\classes started by Poongs in D:\Poongs\eclipse-workspace\product-demo-workspace\ProductDemo)
2021-03-23 11:18:44,507 DEBUG org.springframework.boot.StartupInfoLogger [restartedMain] Running with Spring Boot v2.4.0, Spring v5.3.1
2021-03-23 11:18:44,507 INFO org.springframework.boot.SpringApplication [restartedMain] No active profile set, falling back to default profiles: default
2021-03-23 11:18:44,560 INFO org.springframework.boot.logging.DeferredLog [restartedMain] Devtools property defaults active! Set 'spring.devtools.add-properties' to 'false' to disable
2021-03-23 11:18:44,561 INFO org.springframework.boot.logging.DeferredLog [restartedMain] For additional web related logging consider setting the 'logging.level.web' property to 'DEBUG'
2021-03-23 11:18:45,272 INFO org.springframework.data.repository.config.RepositoryConfigurationDelegate [restartedMain] Bootstrapping Spring Data JPA repositories in DEFERRED mode.
2021-03-23 11:18:45,327 INFO org.springframework.data.repository.config.RepositoryConfigurationDelegate [restartedMain] Finished Spring Data repository scanning in 46 ms. Found 1 JPA repository interfaces.
2021-03-23 11:18:45,995 INFO org.springframework.boot.web.embedded.tomcat.TomcatWebServer [restartedMain] Tomcat initialized with port(s): 8088 (http)
2021-03-23 11:18:46,008 INFO org.apache.juli.logging.DirectJDKLog [restartedMain] Initializing ProtocolHandler ["http-nio-8088"]
2021-03-23 11:18:46,008 INFO org.apache.juli.logging.DirectJDKLog [restartedMain] Starting service [Tomcat]
2021-03-23 11:18:46,008 INFO org.apache.juli.logging.DirectJDKLog [restartedMain] Starting Servlet engine: [Apache Tomcat/9.0.39]
2021-03-23 11:18:46,105 INFO org.apache.juli.logging.DirectJDKLog [restartedMain] Initializing Spring embedded WebApplicationContext
2021-03-23 11:18:46,106 INFO org.springframework.boot.web.servlet.context.ServletWebServerApplicationContext [restartedMain] Root WebApplicationContext: initialization completed in 1544 ms
2021-03-23 11:18:46,154 INFO com.zaxxer.hikari.HikariDataSource [restartedMain] HikariPool-1 - Starting...
2021-03-23 11:18:46,281 INFO com.zaxxer.hikari.HikariDataSource [restartedMain] HikariPool-1 - Start completed.
2021-03-23 11:18:46,288 INFO org.springframework.boot.autoconfigure.h2.H2ConsoleAutoConfiguration [restartedMain] H2 console available at '/h2-console'. Database available at 'jdbc:h2:mem:test'
2021-03-23 11:18:46,390 INFO org.springframework.scheduling.concurrent.ExecutorConfigurationSupport [restartedMain] Initializing ExecutorService 'applicationTaskExecutor'
2021-03-23 11:18:46,453 INFO org.hibernate.jpa.internal.util.LogHelper [task-1] HHH000204: Processing PersistenceUnitInfo [name: default]
2021-03-23 11:18:46,520 WARN org.springframework.boot.autoconfigure.orm.jpa.JpaBaseConfiguration$JpaWebConfiguration [restartedMain] spring.jpa.open-in-view is enabled by default. Therefore, database queries may be performed during view rendering. Explicitly configure spring.jpa.open-in-view to disable this warning
2021-03-23 11:18:46,527 INFO org.hibernate.Version [task-1] HHH000412: Hibernate ORM core version 5.4.23.Final
2021-03-23 11:18:46,726 INFO org.hibernate.annotations.common.reflection.java.JavaReflectionManager [task-1] HCANN000001: Hibernate Commons Annotations {5.1.2.Final}
2021-03-23 11:18:46,913 INFO org.hibernate.dialect.Dialect [task-1] HHH000400: Using dialect: org.hibernate.dialect.H2Dialect
2021-03-23 11:18:46,939 INFO org.springframework.boot.devtools.autoconfigure.OptionalLiveReloadServer [restartedMain] LiveReload server is running on port 35729
2021-03-23 11:18:46,957 INFO org.apache.juli.logging.DirectJDKLog [restartedMain] Starting ProtocolHandler ["http-nio-8088"]
2021-03-23 11:18:46,992 INFO org.springframework.boot.web.embedded.tomcat.TomcatWebServer [restartedMain] Tomcat started on port(s): 8088 (http) with context path ''
2021-03-23 11:18:46,995 INFO org.springframework.data.repository.config.DeferredRepositoryInitializationListener [restartedMain] Triggering deferred initialization of Spring Data repositories…
2021-03-23 11:18:47,575 INFO org.hibernate.engine.transaction.jta.platform.internal.JtaPlatformInitiator [task-1] HHH000490: Using JtaPlatform implementation: [org.hibernate.engine.transaction.jta.platform.internal.NoJtaPlatform]
2021-03-23 11:18:47,581 INFO org.springframework.orm.jpa.AbstractEntityManagerFactoryBean [task-1] Initialized JPA EntityManagerFactory for persistence unit 'default'
2021-03-23 11:18:47,742 INFO org.springframework.data.repository.config.DeferredRepositoryInitializationListener [restartedMain] Spring Data repositories initialized!
2021-03-23 11:18:47,752 INFO org.springframework.boot.StartupInfoLogger [restartedMain] Started ProductApplication in 3.83 seconds (JVM running for 4.37)
2021-03-23 11:19:08,027 INFO org.apache.juli.logging.DirectJDKLog [http-nio-8088-exec-2] Initializing Spring DispatcherServlet 'dispatcherServlet'
2021-03-23 11:19:08,028 INFO org.springframework.web.servlet.FrameworkServlet [http-nio-8088-exec-2] Initializing Servlet 'dispatcherServlet'
2021-03-23 11:19:08,029 INFO org.springframework.web.servlet.FrameworkServlet [http-nio-8088-exec-2] Completed initialization in 1 ms
2021-03-23 11:19:08,281 ERROR com.example.product.exception.GlobalExceptionHandler [http-nio-8088-exec-2] No Products Found!!
2021-03-23 11:19:08,376 WARN org.springframework.web.servlet.handler.AbstractHandlerExceptionResolver [http-nio-8088-exec-2] Resolved [com.example.product.exception.ProductNotFoundException: No Products Found!!]
2021-03-23 11:22:21,730 INFO org.springframework.orm.jpa.AbstractEntityManagerFactoryBean [Thread-6] Closing JPA EntityManagerFactory for persistence unit 'default'
2021-03-23 11:22:21,732 INFO org.springframework.scheduling.concurrent.ExecutorConfigurationSupport [Thread-6] Shutting down ExecutorService 'applicationTaskExecutor'
2021-03-23 11:22:21,738 WARN org.springframework.beans.factory.support.DisposableBeanAdapter [Thread-6] Invocation of destroy method failed on bean with name 'inMemoryDatabaseShutdownExecutor': org.h2.jdbc.JdbcSQLException: Database is already closed (to disable automatic closing at VM shutdown, add ";DB_CLOSE_ON_EXIT=FALSE" to the db URL) [90121-192]
2021-03-23 11:22:21,738 INFO com.zaxxer.hikari.HikariDataSource [Thread-6] HikariPool-1 - Shutdown initiated...
2021-03-23 11:22:21,742 INFO com.zaxxer.hikari.HikariDataSource [Thread-6] HikariPool-1 - Shutdown completed.
2021-03-23 11:22:21,817 INFO org.springframework.boot.StartupInfoLogger [restartedMain] Starting ProductApplication using Java 14.0.2 on DESKTOP-QN882RI with PID 5236 (D:\Poongs\eclipse-workspace\product-demo-workspace\ProductDemo\target\classes started by Poongs in D:\Poongs\eclipse-workspace\product-demo-workspace\ProductDemo)
2021-03-23 11:22:21,818 DEBUG org.springframework.boot.StartupInfoLogger [restartedMain] Running with Spring Boot v2.4.0, Spring v5.3.1
2021-03-23 11:22:21,818 INFO org.springframework.boot.SpringApplication [restartedMain] No active profile set, falling back to default profiles: default
2021-03-23 11:22:22,001 INFO org.springframework.data.repository.config.RepositoryConfigurationDelegate [restartedMain] Bootstrapping Spring Data JPA repositories in DEFERRED mode.
2021-03-23 11:22:22,010 INFO org.springframework.data.repository.config.RepositoryConfigurationDelegate [restartedMain] Finished Spring Data repository scanning in 8 ms. Found 1 JPA repository interfaces.
2021-03-23 11:22:22,110 INFO org.springframework.boot.web.embedded.tomcat.TomcatWebServer [restartedMain] Tomcat initialized with port(s): 8088 (http)
2021-03-23 11:22:22,111 INFO org.apache.juli.logging.DirectJDKLog [restartedMain] Initializing ProtocolHandler ["http-nio-8088"]
2021-03-23 11:22:22,111 INFO org.apache.juli.logging.DirectJDKLog [restartedMain] Starting service [Tomcat]
2021-03-23 11:22:22,111 INFO org.apache.juli.logging.DirectJDKLog [restartedMain] Starting Servlet engine: [Apache Tomcat/9.0.39]
2021-03-23 11:22:22,134 INFO org.apache.juli.logging.DirectJDKLog [restartedMain] Initializing Spring embedded WebApplicationContext
2021-03-23 11:22:22,134 INFO org.springframework.boot.web.servlet.context.ServletWebServerApplicationContext [restartedMain] Root WebApplicationContext: initialization completed in 312 ms
2021-03-23 11:22:22,155 INFO com.zaxxer.hikari.HikariDataSource [restartedMain] HikariPool-2 - Starting...
2021-03-23 11:22:22,157 INFO com.zaxxer.hikari.HikariDataSource [restartedMain] HikariPool-2 - Start completed.
2021-03-23 11:22:22,158 INFO org.springframework.boot.autoconfigure.h2.H2ConsoleAutoConfiguration [restartedMain] H2 console available at '/h2-console'. Database available at 'jdbc:h2:mem:test'
2021-03-23 11:22:22,177 INFO org.springframework.scheduling.concurrent.ExecutorConfigurationSupport [restartedMain] Initializing ExecutorService 'applicationTaskExecutor'
2021-03-23 11:22:22,183 INFO org.hibernate.jpa.internal.util.LogHelper [task-1] HHH000204: Processing PersistenceUnitInfo [name: default]
2021-03-23 11:22:22,187 INFO org.hibernate.dialect.Dialect [task-1] HHH000400: Using dialect: org.hibernate.dialect.H2Dialect
2021-03-23 11:22:22,220 WARN org.springframework.boot.autoconfigure.orm.jpa.JpaBaseConfiguration$JpaWebConfiguration [restartedMain] spring.jpa.open-in-view is enabled by default. Therefore, database queries may be performed during view rendering. Explicitly configure spring.jpa.open-in-view to disable this warning
2021-03-23 11:22:22,222 INFO org.hibernate.engine.transaction.jta.platform.internal.JtaPlatformInitiator [task-1] HHH000490: Using JtaPlatform implementation: [org.hibernate.engine.transaction.jta.platform.internal.NoJtaPlatform]
2021-03-23 11:22:22,223 INFO org.springframework.orm.jpa.AbstractEntityManagerFactoryBean [task-1] Initialized JPA EntityManagerFactory for persistence unit 'default'
2021-03-23 11:22:22,231 INFO org.springframework.boot.devtools.autoconfigure.OptionalLiveReloadServer [task-2] LiveReload server is running on port 35729
2021-03-23 11:22:22,328 INFO org.apache.juli.logging.DirectJDKLog [restartedMain] Starting ProtocolHandler ["http-nio-8088"]
2021-03-23 11:22:22,332 INFO org.springframework.boot.web.embedded.tomcat.TomcatWebServer [restartedMain] Tomcat started on port(s): 8088 (http) with context path ''
2021-03-23 11:22:22,335 INFO org.springframework.data.repository.config.DeferredRepositoryInitializationListener [restartedMain] Triggering deferred initialization of Spring Data repositories…
2021-03-23 11:22:22,368 INFO org.springframework.data.repository.config.DeferredRepositoryInitializationListener [restartedMain] Spring Data repositories initialized!
2021-03-23 11:22:22,370 INFO org.springframework.boot.StartupInfoLogger [restartedMain] Started ProductApplication in 0.591 seconds (JVM running for 218.989)
2021-03-23 11:22:22,372 INFO org.springframework.boot.devtools.autoconfigure.ConditionEvaluationDeltaLoggingListener [restartedMain] Condition evaluation unchanged
2021-03-23 11:23:48,765 INFO org.springframework.orm.jpa.AbstractEntityManagerFactoryBean [Thread-9] Closing JPA EntityManagerFactory for persistence unit 'default'
2021-03-23 11:23:48,766 INFO org.springframework.scheduling.concurrent.ExecutorConfigurationSupport [Thread-9] Shutting down ExecutorService 'applicationTaskExecutor'
2021-03-23 11:23:48,767 WARN org.springframework.beans.factory.support.DisposableBeanAdapter [Thread-9] Invocation of destroy method failed on bean with name 'inMemoryDatabaseShutdownExecutor': org.h2.jdbc.JdbcSQLException: Database is already closed (to disable automatic closing at VM shutdown, add ";DB_CLOSE_ON_EXIT=FALSE" to the db URL) [90121-192]
2021-03-23 11:23:48,767 INFO com.zaxxer.hikari.HikariDataSource [Thread-9] HikariPool-2 - Shutdown initiated...
2021-03-23 11:23:48,769 INFO com.zaxxer.hikari.HikariDataSource [Thread-9] HikariPool-2 - Shutdown completed.
2021-03-23 11:23:48,830 INFO org.springframework.boot.StartupInfoLogger [restartedMain] Starting ProductApplication using Java 14.0.2 on DESKTOP-QN882RI with PID 5236 (D:\Poongs\eclipse-workspace\product-demo-workspace\ProductDemo\target\classes started by Poongs in D:\Poongs\eclipse-workspace\product-demo-workspace\ProductDemo)
2021-03-23 11:23:48,831 DEBUG org.springframework.boot.StartupInfoLogger [restartedMain] Running with Spring Boot v2.4.0, Spring v5.3.1
2021-03-23 11:23:48,831 INFO org.springframework.boot.SpringApplication [restartedMain] No active profile set, falling back to default profiles: default
2021-03-23 11:23:48,989 INFO org.springframework.data.repository.config.RepositoryConfigurationDelegate [restartedMain] Bootstrapping Spring Data JPA repositories in DEFERRED mode.
2021-03-23 11:23:49,003 INFO org.springframework.data.repository.config.RepositoryConfigurationDelegate [restartedMain] Finished Spring Data repository scanning in 12 ms. Found 1 JPA repository interfaces.
2021-03-23 11:23:49,094 INFO org.springframework.boot.web.embedded.tomcat.TomcatWebServer [restartedMain] Tomcat initialized with port(s): 8088 (http)
2021-03-23 11:23:49,095 INFO org.apache.juli.logging.DirectJDKLog [restartedMain] Initializing ProtocolHandler ["http-nio-8088"]
2021-03-23 11:23:49,095 INFO org.apache.juli.logging.DirectJDKLog [restartedMain] Starting service [Tomcat]
2021-03-23 11:23:49,095 INFO org.apache.juli.logging.DirectJDKLog [restartedMain] Starting Servlet engine: [Apache Tomcat/9.0.39]
2021-03-23 11:23:49,118 INFO org.apache.juli.logging.DirectJDKLog [restartedMain] Initializing Spring embedded WebApplicationContext
2021-03-23 11:23:49,118 INFO org.springframework.boot.web.servlet.context.ServletWebServerApplicationContext [restartedMain] Root WebApplicationContext: initialization completed in 284 ms
2021-03-23 11:23:49,133 INFO com.zaxxer.hikari.HikariDataSource [restartedMain] HikariPool-3 - Starting...
2021-03-23 11:23:49,136 INFO com.zaxxer.hikari.HikariDataSource [restartedMain] HikariPool-3 - Start completed.
2021-03-23 11:23:49,136 INFO org.springframework.boot.autoconfigure.h2.H2ConsoleAutoConfiguration [restartedMain] H2 console available at '/h2-console'. Database available at 'jdbc:h2:mem:test'
2021-03-23 11:23:49,163 INFO org.springframework.scheduling.concurrent.ExecutorConfigurationSupport [restartedMain] Initializing ExecutorService 'applicationTaskExecutor'
2021-03-23 11:23:49,167 INFO org.hibernate.jpa.internal.util.LogHelper [task-1] HHH000204: Processing PersistenceUnitInfo [name: default]
2021-03-23 11:23:49,173 INFO org.hibernate.dialect.Dialect [task-1] HHH000400: Using dialect: org.hibernate.dialect.H2Dialect
2021-03-23 11:23:49,196 WARN org.springframework.boot.autoconfigure.orm.jpa.JpaBaseConfiguration$JpaWebConfiguration [restartedMain] spring.jpa.open-in-view is enabled by default. Therefore, database queries may be performed during view rendering. Explicitly configure spring.jpa.open-in-view to disable this warning
2021-03-23 11:23:49,206 INFO org.hibernate.engine.transaction.jta.platform.internal.JtaPlatformInitiator [task-1] HHH000490: Using JtaPlatform implementation: [org.hibernate.engine.transaction.jta.platform.internal.NoJtaPlatform]
2021-03-23 11:23:49,208 INFO org.springframework.orm.jpa.AbstractEntityManagerFactoryBean [task-1] Initialized JPA EntityManagerFactory for persistence unit 'default'
2021-03-23 11:23:49,241 INFO org.springframework.boot.devtools.autoconfigure.OptionalLiveReloadServer [task-2] LiveReload server is running on port 35729
2021-03-23 11:23:49,288 INFO org.apache.juli.logging.DirectJDKLog [restartedMain] Starting ProtocolHandler ["http-nio-8088"]
2021-03-23 11:23:49,292 INFO org.springframework.boot.web.embedded.tomcat.TomcatWebServer [restartedMain] Tomcat started on port(s): 8088 (http) with context path ''
2021-03-23 11:23:49,293 INFO org.springframework.data.repository.config.DeferredRepositoryInitializationListener [restartedMain] Triggering deferred initialization of Spring Data repositories…
2021-03-23 11:23:49,327 INFO org.springframework.data.repository.config.DeferredRepositoryInitializationListener [restartedMain] Spring Data repositories initialized!
2021-03-23 11:23:49,329 INFO org.springframework.boot.StartupInfoLogger [restartedMain] Started ProductApplication in 0.527 seconds (JVM running for 305.948)
2021-03-23 11:23:49,331 INFO org.springframework.boot.devtools.autoconfigure.ConditionEvaluationDeltaLoggingListener [restartedMain] Condition evaluation unchanged
2021-03-23 11:24:22,063 INFO org.springframework.orm.jpa.AbstractEntityManagerFactoryBean [Thread-15] Closing JPA EntityManagerFactory for persistence unit 'default'
2021-03-23 11:24:22,064 INFO org.springframework.scheduling.concurrent.ExecutorConfigurationSupport [Thread-15] Shutting down ExecutorService 'applicationTaskExecutor'
2021-03-23 11:24:22,065 WARN org.springframework.beans.factory.support.DisposableBeanAdapter [Thread-15] Invocation of destroy method failed on bean with name 'inMemoryDatabaseShutdownExecutor': org.h2.jdbc.JdbcSQLException: Database is already closed (to disable automatic closing at VM shutdown, add ";DB_CLOSE_ON_EXIT=FALSE" to the db URL) [90121-192]
2021-03-23 11:24:22,065 INFO com.zaxxer.hikari.HikariDataSource [Thread-15] HikariPool-3 - Shutdown initiated...
2021-03-23 11:24:22,066 INFO com.zaxxer.hikari.HikariDataSource [Thread-15] HikariPool-3 - Shutdown completed.
2021-03-23 11:24:22,129 INFO org.springframework.boot.StartupInfoLogger [restartedMain] Starting ProductApplication using Java 14.0.2 on DESKTOP-QN882RI with PID 5236 (D:\Poongs\eclipse-workspace\product-demo-workspace\ProductDemo\target\classes started by Poongs in D:\Poongs\eclipse-workspace\product-demo-workspace\ProductDemo)
2021-03-23 11:24:22,130 DEBUG org.springframework.boot.StartupInfoLogger [restartedMain] Running with Spring Boot v2.4.0, Spring v5.3.1
2021-03-23 11:24:22,130 INFO org.springframework.boot.SpringApplication [restartedMain] No active profile set, falling back to default profiles: default
2021-03-23 11:24:22,283 INFO org.springframework.data.repository.config.RepositoryConfigurationDelegate [restartedMain] Bootstrapping Spring Data JPA repositories in DEFERRED mode.
2021-03-23 11:24:22,297 INFO org.springframework.data.repository.config.RepositoryConfigurationDelegate [restartedMain] Finished Spring Data repository scanning in 12 ms. Found 1 JPA repository interfaces.
2021-03-23 11:24:22,385 INFO org.springframework.boot.web.embedded.tomcat.TomcatWebServer [restartedMain] Tomcat initialized with port(s): 8088 (http)
2021-03-23 11:24:22,387 INFO org.apache.juli.logging.DirectJDKLog [restartedMain] Initializing ProtocolHandler ["http-nio-8088"]
2021-03-23 11:24:22,387 INFO org.apache.juli.logging.DirectJDKLog [restartedMain] Starting service [Tomcat]
2021-03-23 11:24:22,387 INFO org.apache.juli.logging.DirectJDKLog [restartedMain] Starting Servlet engine: [Apache Tomcat/9.0.39]
2021-03-23 11:24:22,406 INFO org.apache.juli.logging.DirectJDKLog [restartedMain] Initializing Spring embedded WebApplicationContext
2021-03-23 11:24:22,406 INFO org.springframework.boot.web.servlet.context.ServletWebServerApplicationContext [restartedMain] Root WebApplicationContext: initialization completed in 274 ms
2021-03-23 11:24:22,418 INFO com.zaxxer.hikari.HikariDataSource [restartedMain] HikariPool-4 - Starting...
2021-03-23 11:24:22,420 INFO com.zaxxer.hikari.HikariDataSource [restartedMain] HikariPool-4 - Start completed.
2021-03-23 11:24:22,421 INFO org.springframework.boot.autoconfigure.h2.H2ConsoleAutoConfiguration [restartedMain] H2 console available at '/h2-console'. Database available at 'jdbc:h2:mem:test'
2021-03-23 11:24:22,441 INFO org.springframework.scheduling.concurrent.ExecutorConfigurationSupport [restartedMain] Initializing ExecutorService 'applicationTaskExecutor'
2021-03-23 11:24:22,446 INFO org.hibernate.jpa.internal.util.LogHelper [task-1] HHH000204: Processing PersistenceUnitInfo [name: default]
2021-03-23 11:24:22,452 INFO org.hibernate.dialect.Dialect [task-1] HHH000400: Using dialect: org.hibernate.dialect.H2Dialect
2021-03-23 11:24:22,476 WARN org.springframework.boot.autoconfigure.orm.jpa.JpaBaseConfiguration$JpaWebConfiguration [restartedMain] spring.jpa.open-in-view is enabled by default. Therefore, database queries may be performed during view rendering. Explicitly configure spring.jpa.open-in-view to disable this warning
2021-03-23 11:24:22,484 INFO org.hibernate.engine.transaction.jta.platform.internal.JtaPlatformInitiator [task-1] HHH000490: Using JtaPlatform implementation: [org.hibernate.engine.transaction.jta.platform.internal.NoJtaPlatform]
2021-03-23 11:24:22,485 INFO org.springframework.orm.jpa.AbstractEntityManagerFactoryBean [task-1] Initialized JPA EntityManagerFactory for persistence unit 'default'
2021-03-23 11:24:22,514 INFO org.springframework.boot.devtools.autoconfigure.OptionalLiveReloadServer [task-2] LiveReload server is running on port 35729
2021-03-23 11:24:22,548 INFO org.apache.juli.logging.DirectJDKLog [restartedMain] Starting ProtocolHandler ["http-nio-8088"]
2021-03-23 11:24:22,552 INFO org.springframework.boot.web.embedded.tomcat.TomcatWebServer [restartedMain] Tomcat started on port(s): 8088 (http) with context path ''
2021-03-23 11:24:22,552 INFO org.springframework.data.repository.config.DeferredRepositoryInitializationListener [restartedMain] Triggering deferred initialization of Spring Data repositories…
2021-03-23 11:24:22,584 INFO org.springframework.data.repository.config.DeferredRepositoryInitializationListener [restartedMain] Spring Data repositories initialized!
2021-03-23 11:24:22,587 INFO org.springframework.boot.StartupInfoLogger [restartedMain] Started ProductApplication in 0.486 seconds (JVM running for 339.206)
2021-03-23 11:24:22,591 INFO org.springframework.boot.devtools.autoconfigure.ConditionEvaluationDeltaLoggingListener [restartedMain] Condition evaluation unchanged
2021-03-23 11:24:56,353 INFO org.springframework.orm.jpa.AbstractEntityManagerFactoryBean [Thread-21] Closing JPA EntityManagerFactory for persistence unit 'default'
2021-03-23 11:24:56,354 INFO org.springframework.scheduling.concurrent.ExecutorConfigurationSupport [Thread-21] Shutting down ExecutorService 'applicationTaskExecutor'
2021-03-23 11:24:56,356 WARN org.springframework.beans.factory.support.DisposableBeanAdapter [Thread-21] Invocation of destroy method failed on bean with name 'inMemoryDatabaseShutdownExecutor': org.h2.jdbc.JdbcSQLException: Database is already closed (to disable automatic closing at VM shutdown, add ";DB_CLOSE_ON_EXIT=FALSE" to the db URL) [90121-192]
2021-03-23 11:24:56,356 INFO com.zaxxer.hikari.HikariDataSource [Thread-21] HikariPool-4 - Shutdown initiated...
2021-03-23 11:24:56,359 INFO com.zaxxer.hikari.HikariDataSource [Thread-21] HikariPool-4 - Shutdown completed.
2021-03-23 11:24:56,423 INFO org.springframework.boot.StartupInfoLogger [restartedMain] Starting ProductApplication using Java 14.0.2 on DESKTOP-QN882RI with PID 5236 (D:\Poongs\eclipse-workspace\product-demo-workspace\ProductDemo\target\classes started by Poongs in D:\Poongs\eclipse-workspace\product-demo-workspace\ProductDemo)
2021-03-23 11:24:56,424 DEBUG org.springframework.boot.StartupInfoLogger [restartedMain] Running with Spring Boot v2.4.0, Spring v5.3.1
2021-03-23 11:24:56,424 INFO org.springframework.boot.SpringApplication [restartedMain] No active profile set, falling back to default profiles: default
2021-03-23 11:24:56,592 INFO org.springframework.data.repository.config.RepositoryConfigurationDelegate [restartedMain] Bootstrapping Spring Data JPA repositories in DEFERRED mode.
2021-03-23 11:24:56,603 INFO org.springframework.data.repository.config.RepositoryConfigurationDelegate [restartedMain] Finished Spring Data repository scanning in 10 ms. Found 1 JPA repository interfaces.
2021-03-23 11:24:56,690 INFO org.springframework.boot.web.embedded.tomcat.TomcatWebServer [restartedMain] Tomcat initialized with port(s): 8088 (http)
2021-03-23 11:24:56,691 INFO org.apache.juli.logging.DirectJDKLog [restartedMain] Initializing ProtocolHandler ["http-nio-8088"]
2021-03-23 11:24:56,691 INFO org.apache.juli.logging.DirectJDKLog [restartedMain] Starting service [Tomcat]
2021-03-23 11:24:56,691 INFO org.apache.juli.logging.DirectJDKLog [restartedMain] Starting Servlet engine: [Apache Tomcat/9.0.39]
2021-03-23 11:24:56,710 INFO org.apache.juli.logging.DirectJDKLog [restartedMain] Initializing Spring embedded WebApplicationContext
2021-03-23 11:24:56,710 INFO org.springframework.boot.web.servlet.context.ServletWebServerApplicationContext [restartedMain] Root WebApplicationContext: initialization completed in 284 ms
2021-03-23 11:24:56,726 INFO com.zaxxer.hikari.HikariDataSource [restartedMain] HikariPool-5 - Starting...
2021-03-23 11:24:56,728 INFO com.zaxxer.hikari.HikariDataSource [restartedMain] HikariPool-5 - Start completed.
2021-03-23 11:24:56,728 INFO org.springframework.boot.autoconfigure.h2.H2ConsoleAutoConfiguration [restartedMain] H2 console available at '/h2-console'. Database available at 'jdbc:h2:mem:test'
2021-03-23 11:24:56,744 INFO org.springframework.scheduling.concurrent.ExecutorConfigurationSupport [restartedMain] Initializing ExecutorService 'applicationTaskExecutor'
2021-03-23 11:24:56,749 INFO org.hibernate.jpa.internal.util.LogHelper [task-1] HHH000204: Processing PersistenceUnitInfo [name: default]
2021-03-23 11:24:56,754 INFO org.hibernate.dialect.Dialect [task-1] HHH000400: Using dialect: org.hibernate.dialect.H2Dialect
2021-03-23 11:24:56,777 WARN org.springframework.boot.autoconfigure.orm.jpa.JpaBaseConfiguration$JpaWebConfiguration [restartedMain] spring.jpa.open-in-view is enabled by default. Therefore, database queries may be performed during view rendering. Explicitly configure spring.jpa.open-in-view to disable this warning
2021-03-23 11:24:56,783 INFO org.hibernate.engine.transaction.jta.platform.internal.JtaPlatformInitiator [task-1] HHH000490: Using JtaPlatform implementation: [org.hibernate.engine.transaction.jta.platform.internal.NoJtaPlatform]
2021-03-23 11:24:56,784 INFO org.springframework.orm.jpa.AbstractEntityManagerFactoryBean [task-1] Initialized JPA EntityManagerFactory for persistence unit 'default'
2021-03-23 11:24:56,817 INFO org.springframework.boot.devtools.autoconfigure.OptionalLiveReloadServer [task-2] LiveReload server is running on port 35729
2021-03-23 11:24:56,851 INFO org.apache.juli.logging.DirectJDKLog [restartedMain] Starting ProtocolHandler ["http-nio-8088"]
2021-03-23 11:24:56,855 INFO org.springframework.boot.web.embedded.tomcat.TomcatWebServer [restartedMain] Tomcat started on port(s): 8088 (http) with context path ''
2021-03-23 11:24:56,856 INFO org.springframework.data.repository.config.DeferredRepositoryInitializationListener [restartedMain] Triggering deferred initialization of Spring Data repositories…
2021-03-23 11:24:56,884 INFO org.springframework.data.repository.config.DeferredRepositoryInitializationListener [restartedMain] Spring Data repositories initialized!
2021-03-23 11:24:56,886 INFO org.springframework.boot.StartupInfoLogger [restartedMain] Started ProductApplication in 0.489 seconds (JVM running for 373.504)
2021-03-23 11:24:56,887 INFO org.springframework.boot.devtools.autoconfigure.ConditionEvaluationDeltaLoggingListener [restartedMain] Condition evaluation unchanged
2021-03-23 11:26:51,685 INFO org.springframework.orm.jpa.AbstractEntityManagerFactoryBean [Thread-27] Closing JPA EntityManagerFactory for persistence unit 'default'
2021-03-23 11:26:51,685 INFO org.springframework.scheduling.concurrent.ExecutorConfigurationSupport [Thread-27] Shutting down ExecutorService 'applicationTaskExecutor'
2021-03-23 11:26:51,686 WARN org.springframework.beans.factory.support.DisposableBeanAdapter [Thread-27] Invocation of destroy method failed on bean with name 'inMemoryDatabaseShutdownExecutor': org.h2.jdbc.JdbcSQLException: Database is already closed (to disable automatic closing at VM shutdown, add ";DB_CLOSE_ON_EXIT=FALSE" to the db URL) [90121-192]
2021-03-23 11:26:51,686 INFO com.zaxxer.hikari.HikariDataSource [Thread-27] HikariPool-5 - Shutdown initiated...
2021-03-23 11:26:51,688 INFO com.zaxxer.hikari.HikariDataSource [Thread-27] HikariPool-5 - Shutdown completed.
2021-03-23 11:26:51,747 INFO org.springframework.boot.StartupInfoLogger [restartedMain] Starting ProductApplication using Java 14.0.2 on DESKTOP-QN882RI with PID 5236 (D:\Poongs\eclipse-workspace\product-demo-workspace\ProductDemo\target\classes started by Poongs in D:\Poongs\eclipse-workspace\product-demo-workspace\ProductDemo)
2021-03-23 11:26:51,747 DEBUG org.springframework.boot.StartupInfoLogger [restartedMain] Running with Spring Boot v2.4.0, Spring v5.3.1
2021-03-23 11:26:51,748 INFO org.springframework.boot.SpringApplication [restartedMain] No active profile set, falling back to default profiles: default
2021-03-23 11:26:51,893 INFO org.springframework.data.repository.config.RepositoryConfigurationDelegate [restartedMain] Bootstrapping Spring Data JPA repositories in DEFERRED mode.
2021-03-23 11:26:51,903 INFO org.springframework.data.repository.config.RepositoryConfigurationDelegate [restartedMain] Finished Spring Data repository scanning in 10 ms. Found 1 JPA repository interfaces.
2021-03-23 11:26:51,981 INFO org.springframework.boot.web.embedded.tomcat.TomcatWebServer [restartedMain] Tomcat initialized with port(s): 8088 (http)
2021-03-23 11:26:51,982 INFO org.apache.juli.logging.DirectJDKLog [restartedMain] Initializing ProtocolHandler ["http-nio-8088"]
2021-03-23 11:26:51,982 INFO org.apache.juli.logging.DirectJDKLog [restartedMain] Starting service [Tomcat]
2021-03-23 11:26:51,982 INFO org.apache.juli.logging.DirectJDKLog [restartedMain] Starting Servlet engine: [Apache Tomcat/9.0.39]
2021-03-23 11:26:51,997 INFO org.apache.juli.logging.DirectJDKLog [restartedMain] Initializing Spring embedded WebApplicationContext
2021-03-23 11:26:51,997 INFO org.springframework.boot.web.servlet.context.ServletWebServerApplicationContext [restartedMain] Root WebApplicationContext: initialization completed in 246 ms
2021-03-23 11:26:52,007 INFO com.zaxxer.hikari.HikariDataSource [restartedMain] HikariPool-6 - Starting...
2021-03-23 11:26:52,009 INFO com.zaxxer.hikari.HikariDataSource [restartedMain] HikariPool-6 - Start completed.
2021-03-23 11:26:52,010 INFO org.springframework.boot.autoconfigure.h2.H2ConsoleAutoConfiguration [restartedMain] H2 console available at '/h2-console'. Database available at 'jdbc:h2:mem:test'
2021-03-23 11:26:52,020 INFO org.springframework.scheduling.concurrent.ExecutorConfigurationSupport [restartedMain] Initializing ExecutorService 'applicationTaskExecutor'
2021-03-23 11:26:52,022 INFO org.hibernate.jpa.internal.util.LogHelper [task-1] HHH000204: Processing PersistenceUnitInfo [name: default]
2021-03-23 11:26:52,026 INFO org.hibernate.dialect.Dialect [task-1] HHH000400: Using dialect: org.hibernate.dialect.H2Dialect
2021-03-23 11:26:52,048 WARN org.springframework.boot.autoconfigure.orm.jpa.JpaBaseConfiguration$JpaWebConfiguration [restartedMain] spring.jpa.open-in-view is enabled by default. Therefore, database queries may be performed during view rendering. Explicitly configure spring.jpa.open-in-view to disable this warning
2021-03-23 11:26:52,056 INFO org.hibernate.engine.transaction.jta.platform.internal.JtaPlatformInitiator [task-1] HHH000490: Using JtaPlatform implementation: [org.hibernate.engine.transaction.jta.platform.internal.NoJtaPlatform]
2021-03-23 11:26:52,057 INFO org.springframework.orm.jpa.AbstractEntityManagerFactoryBean [task-1] Initialized JPA EntityManagerFactory for persistence unit 'default'
2021-03-23 11:26:52,084 INFO org.springframework.boot.devtools.autoconfigure.OptionalLiveReloadServer [task-2] LiveReload server is running on port 35729
2021-03-23 11:26:52,122 INFO org.apache.juli.logging.DirectJDKLog [restartedMain] Starting ProtocolHandler ["http-nio-8088"]
2021-03-23 11:26:52,124 INFO org.springframework.boot.web.embedded.tomcat.TomcatWebServer [restartedMain] Tomcat started on port(s): 8088 (http) with context path ''
2021-03-23 11:26:52,125 INFO org.springframework.data.repository.config.DeferredRepositoryInitializationListener [restartedMain] Triggering deferred initialization of Spring Data repositories…
2021-03-23 11:26:52,148 INFO org.springframework.data.repository.config.DeferredRepositoryInitializationListener [restartedMain] Spring Data repositories initialized!
2021-03-23 11:26:52,150 INFO org.springframework.boot.StartupInfoLogger [restartedMain] Started ProductApplication in 0.427 seconds (JVM running for 488.769)
2021-03-23 11:26:52,150 INFO org.springframework.boot.devtools.autoconfigure.ConditionEvaluationDeltaLoggingListener [restartedMain] Condition evaluation unchanged
2021-03-23 11:27:39,339 INFO org.apache.juli.logging.DirectJDKLog [http-nio-8088-exec-2] Initializing Spring DispatcherServlet 'dispatcherServlet'
2021-03-23 11:27:39,340 INFO org.springframework.web.servlet.FrameworkServlet [http-nio-8088-exec-2] Initializing Servlet 'dispatcherServlet'
2021-03-23 11:27:39,340 INFO org.springframework.web.servlet.FrameworkServlet [http-nio-8088-exec-2] Completed initialization in 0 ms
2021-03-23 11:27:39,342 INFO com.example.product.controller.ProductController [http-nio-8088-exec-2] Entered getAllProducts()
2021-03-23 11:27:39,343 INFO com.example.product.service.ProductServiceImpl [http-nio-8088-exec-2] Entered service getAllProducts()
2021-03-23 11:27:39,349 ERROR com.example.product.exception.GlobalExceptionHandler [http-nio-8088-exec-2] No Products Found!!
2021-03-23 11:27:39,354 WARN org.springframework.web.servlet.handler.AbstractHandlerExceptionResolver [http-nio-8088-exec-2] Resolved [com.example.product.exception.ProductNotFoundException: No Products Found!!]
2021-03-23 11:27:58,874 INFO com.example.product.controller.ProductController [http-nio-8088-exec-3] Entered addProducts()
2021-03-23 11:27:58,875 INFO com.example.product.service.ProductServiceImpl [http-nio-8088-exec-3] Entered service addProducts()
2021-03-23 11:28:07,510 INFO com.example.product.controller.ProductController [http-nio-8088-exec-4] Entered addProducts()
2021-03-23 11:28:07,511 INFO com.example.product.service.ProductServiceImpl [http-nio-8088-exec-4] Entered service addProducts()
2021-03-23 11:28:14,378 INFO com.example.product.controller.ProductController [http-nio-8088-exec-5] Entered getAllProducts()
2021-03-23 11:28:14,378 INFO com.example.product.service.ProductServiceImpl [http-nio-8088-exec-5] Entered service getAllProducts()
2021-03-23 13:01:06,035 INFO org.springframework.orm.jpa.AbstractEntityManagerFactoryBean [Thread-33] Closing JPA EntityManagerFactory for persistence unit 'default'
2021-03-23 13:01:06,057 INFO org.springframework.scheduling.concurrent.ExecutorConfigurationSupport [Thread-33] Shutting down ExecutorService 'applicationTaskExecutor'
2021-03-23 13:01:06,062 WARN org.springframework.beans.factory.support.DisposableBeanAdapter [Thread-33] Invocation of destroy method failed on bean with name 'inMemoryDatabaseShutdownExecutor': org.h2.jdbc.JdbcSQLException: Database is already closed (to disable automatic closing at VM shutdown, add ";DB_CLOSE_ON_EXIT=FALSE" to the db URL) [90121-192]
2021-03-23 13:01:06,062 INFO com.zaxxer.hikari.HikariDataSource [Thread-33] HikariPool-6 - Shutdown initiated...
2021-03-23 13:01:06,066 INFO com.zaxxer.hikari.HikariDataSource [Thread-33] HikariPool-6 - Shutdown completed.
2021-03-23 13:01:06,229 INFO org.springframework.boot.StartupInfoLogger [restartedMain] Starting ProductApplication using Java 14.0.2 on DESKTOP-QN882RI with PID 5236 (D:\Poongs\eclipse-workspace\product-demo-workspace\ProductDemo\target\classes started by Poongs in D:\Poongs\eclipse-workspace\product-demo-workspace\ProductDemo)
2021-03-23 13:01:06,229 DEBUG org.springframework.boot.StartupInfoLogger [restartedMain] Running with Spring Boot v2.4.0, Spring v5.3.1
2021-03-23 13:01:06,229 INFO org.springframework.boot.SpringApplication [restartedMain] No active profile set, falling back to default profiles: default
2021-03-23 13:01:06,380 INFO org.springframework.data.repository.config.RepositoryConfigurationDelegate [restartedMain] Bootstrapping Spring Data JPA repositories in DEFERRED mode.
2021-03-23 13:01:06,390 INFO org.springframework.data.repository.config.RepositoryConfigurationDelegate [restartedMain] Finished Spring Data repository scanning in 8 ms. Found 1 JPA repository interfaces.
2021-03-23 13:01:06,504 INFO org.springframework.boot.web.embedded.tomcat.TomcatWebServer [restartedMain] Tomcat initialized with port(s): 8088 (http)
2021-03-23 13:01:06,506 INFO org.apache.juli.logging.DirectJDKLog [restartedMain] Initializing ProtocolHandler ["http-nio-8088"]
2021-03-23 13:01:06,506 INFO org.apache.juli.logging.DirectJDKLog [restartedMain] Starting service [Tomcat]
2021-03-23 13:01:06,506 INFO org.apache.juli.logging.DirectJDKLog [restartedMain] Starting Servlet engine: [Apache Tomcat/9.0.39]
2021-03-23 13:01:06,525 INFO org.apache.juli.logging.DirectJDKLog [restartedMain] Initializing Spring embedded WebApplicationContext
2021-03-23 13:01:06,525 INFO org.springframework.boot.web.servlet.context.ServletWebServerApplicationContext [restartedMain] Root WebApplicationContext: initialization completed in 294 ms
2021-03-23 13:01:06,538 INFO com.zaxxer.hikari.HikariDataSource [restartedMain] HikariPool-7 - Starting...
2021-03-23 13:01:06,541 INFO com.zaxxer.hikari.HikariDataSource [restartedMain] HikariPool-7 - Start completed.
2021-03-23 13:01:06,541 INFO org.springframework.boot.autoconfigure.h2.H2ConsoleAutoConfiguration [restartedMain] H2 console available at '/h2-console'. Database available at 'jdbc:h2:mem:test'
2021-03-23 13:01:06,557 INFO org.springframework.scheduling.concurrent.ExecutorConfigurationSupport [restartedMain] Initializing ExecutorService 'applicationTaskExecutor'
2021-03-23 13:01:06,561 INFO org.hibernate.jpa.internal.util.LogHelper [task-1] HHH000204: Processing PersistenceUnitInfo [name: default]
2021-03-23 13:01:06,566 INFO org.hibernate.dialect.Dialect [task-1] HHH000400: Using dialect: org.hibernate.dialect.H2Dialect
2021-03-23 13:01:06,596 WARN org.springframework.boot.autoconfigure.orm.jpa.JpaBaseConfiguration$JpaWebConfiguration [restartedMain] spring.jpa.open-in-view is enabled by default. Therefore, database queries may be performed during view rendering. Explicitly configure spring.jpa.open-in-view to disable this warning
2021-03-23 13:01:06,606 INFO org.hibernate.engine.transaction.jta.platform.internal.JtaPlatformInitiator [task-1] HHH000490: Using JtaPlatform implementation: [org.hibernate.engine.transaction.jta.platform.internal.NoJtaPlatform]
2021-03-23 13:01:06,606 INFO org.springframework.orm.jpa.AbstractEntityManagerFactoryBean [task-1] Initialized JPA EntityManagerFactory for persistence unit 'default'
2021-03-23 13:01:06,638 INFO org.springframework.boot.devtools.autoconfigure.OptionalLiveReloadServer [task-2] LiveReload server is running on port 35729
2021-03-23 13:01:06,684 INFO org.apache.juli.logging.DirectJDKLog [restartedMain] Starting ProtocolHandler ["http-nio-8088"]
2021-03-23 13:01:06,691 INFO org.springframework.boot.web.embedded.tomcat.TomcatWebServer [restartedMain] Tomcat started on port(s): 8088 (http) with context path ''
2021-03-23 13:01:06,691 INFO org.springframework.data.repository.config.DeferredRepositoryInitializationListener [restartedMain] Triggering deferred initialization of Spring Data repositories…
2021-03-23 13:01:06,734 INFO org.springframework.data.repository.config.DeferredRepositoryInitializationListener [restartedMain] Spring Data repositories initialized!
2021-03-23 13:01:06,736 INFO org.springframework.boot.StartupInfoLogger [restartedMain] Started ProductApplication in 0.54 seconds (JVM running for 6143.354)
2021-03-23 13:01:06,737 INFO org.springframework.boot.devtools.autoconfigure.ConditionEvaluationDeltaLoggingListener [restartedMain] Condition evaluation unchanged
2021-03-23 13:03:35,978 INFO org.apache.juli.logging.DirectJDKLog [http-nio-8088-exec-2] Initializing Spring DispatcherServlet 'dispatcherServlet'
2021-03-23 13:03:35,978 INFO org.springframework.web.servlet.FrameworkServlet [http-nio-8088-exec-2] Initializing Servlet 'dispatcherServlet'
2021-03-23 13:03:35,979 INFO org.springframework.web.servlet.FrameworkServlet [http-nio-8088-exec-2] Completed initialization in 1 ms
2021-03-23 13:03:35,980 INFO com.example.product.controller.ProductController [http-nio-8088-exec-2] Entered getAllProducts()
2021-03-23 13:03:35,981 INFO com.example.product.service.ProductServiceImpl [http-nio-8088-exec-2] Entered service getAllProducts()
2021-03-23 13:03:35,990 ERROR com.example.product.exception.GlobalExceptionHandler [http-nio-8088-exec-2] No Products Found!!
2021-03-23 13:03:35,996 WARN org.springframework.web.servlet.handler.AbstractHandlerExceptionResolver [http-nio-8088-exec-2] Resolved [com.example.product.exception.ProductNotFoundException: No Products Found!!]
2021-03-23 13:03:51,989 INFO com.example.product.controller.ProductController [http-nio-8088-exec-3] Entered addProducts()
2021-03-23 13:03:51,989 INFO com.example.product.service.ProductServiceImpl [http-nio-8088-exec-3] Entered service addProducts()
2021-03-23 13:04:15,378 INFO com.example.product.controller.ProductController [http-nio-8088-exec-4] Entered addProducts()
2021-03-23 13:04:15,379 INFO com.example.product.service.ProductServiceImpl [http-nio-8088-exec-4] Entered service addProducts()
2021-03-23 13:04:21,647 INFO com.example.product.controller.ProductController [http-nio-8088-exec-6] Entered getAllProducts()
2021-03-23 13:04:21,647 INFO com.example.product.service.ProductServiceImpl [http-nio-8088-exec-6] Entered service getAllProducts()
2021-03-23 13:04:57,813 ERROR com.example.product.exception.GlobalExceptionHandler [http-nio-8088-exec-7] Validation failed for argument [0] in public com.example.product.entity.Product com.example.product.controller.ProductController.addProducts(com.example.product.entity.Product): [Field error in object 'product' on field 'name': rejected value [null]; codes [NotNull.product.name,NotNull.name,NotNull.java.lang.String,NotNull]; arguments [org.springframework.context.support.DefaultMessageSourceResolvable: codes [product.name,name]; arguments []; default message [name]]; default message [Name cannot be null]] 
2021-03-23 13:04:57,825 WARN org.springframework.web.servlet.handler.AbstractHandlerExceptionResolver [http-nio-8088-exec-7] Resolved [org.springframework.web.bind.MethodArgumentNotValidException: Validation failed for argument [0] in public com.example.product.entity.Product com.example.product.controller.ProductController.addProducts(com.example.product.entity.Product): [Field error in object 'product' on field 'name': rejected value [null]; codes [NotNull.product.name,NotNull.name,NotNull.java.lang.String,NotNull]; arguments [org.springframework.context.support.DefaultMessageSourceResolvable: codes [product.name,name]; arguments []; default message [name]]; default message [Name cannot be null]] ]
2021-03-23 15:14:57,928 INFO org.springframework.boot.StartupInfoLogger [main] Starting ProductServiceTest using Java 14.0.2 on DESKTOP-QN882RI with PID 27856 (started by Poongs in D:\Poongs\eclipse-workspace\product-demo-workspace\ProductDemo)
2021-03-23 15:14:57,931 DEBUG org.springframework.boot.StartupInfoLogger [main] Running with Spring Boot v2.4.0, Spring v5.3.1
2021-03-23 15:14:57,933 INFO org.springframework.boot.SpringApplication [main] No active profile set, falling back to default profiles: default
2021-03-23 15:14:57,955 INFO org.hibernate.validator.internal.util.Version [background-preinit] HV000001: Hibernate Validator 6.1.6.Final
2021-03-23 15:14:58,848 INFO org.springframework.data.repository.config.RepositoryConfigurationDelegate [main] Bootstrapping Spring Data JPA repositories in DEFERRED mode.
2021-03-23 15:14:58,903 INFO org.springframework.data.repository.config.RepositoryConfigurationDelegate [main] Finished Spring Data repository scanning in 49 ms. Found 1 JPA repository interfaces.
2021-03-23 15:14:59,353 INFO org.springframework.scheduling.concurrent.ExecutorConfigurationSupport [main] Initializing ExecutorService 'applicationTaskExecutor'
2021-03-23 15:14:59,428 INFO org.hibernate.jpa.internal.util.LogHelper [task-1] HHH000204: Processing PersistenceUnitInfo [name: default]
2021-03-23 15:14:59,509 INFO org.hibernate.Version [task-1] HHH000412: Hibernate ORM core version 5.4.23.Final
2021-03-23 15:14:59,737 INFO org.hibernate.annotations.common.reflection.java.JavaReflectionManager [task-1] HCANN000001: Hibernate Commons Annotations {5.1.2.Final}
2021-03-23 15:14:59,749 WARN org.springframework.boot.autoconfigure.orm.jpa.JpaBaseConfiguration$JpaWebConfiguration [main] spring.jpa.open-in-view is enabled by default. Therefore, database queries may be performed during view rendering. Explicitly configure spring.jpa.open-in-view to disable this warning
2021-03-23 15:14:59,921 INFO com.zaxxer.hikari.HikariDataSource [task-1] HikariPool-1 - Starting...
2021-03-23 15:15:00,074 INFO com.zaxxer.hikari.HikariDataSource [task-1] HikariPool-1 - Start completed.
2021-03-23 15:15:00,121 INFO org.hibernate.dialect.Dialect [task-1] HHH000400: Using dialect: org.hibernate.dialect.H2Dialect
2021-03-23 15:15:00,515 INFO org.springframework.data.repository.config.DeferredRepositoryInitializationListener [main] Triggering deferred initialization of Spring Data repositories…
2021-03-23 15:15:00,921 INFO org.hibernate.engine.transaction.jta.platform.internal.JtaPlatformInitiator [task-1] HHH000490: Using JtaPlatform implementation: [org.hibernate.engine.transaction.jta.platform.internal.NoJtaPlatform]
2021-03-23 15:15:00,930 INFO org.springframework.orm.jpa.AbstractEntityManagerFactoryBean [task-1] Initialized JPA EntityManagerFactory for persistence unit 'default'
2021-03-23 15:15:01,106 INFO org.springframework.data.repository.config.DeferredRepositoryInitializationListener [main] Spring Data repositories initialized!
2021-03-23 15:15:01,118 INFO org.springframework.boot.StartupInfoLogger [main] Started ProductServiceTest in 3.559 seconds (JVM running for 4.476)
2021-03-23 15:15:01,411 INFO com.example.product.service.ProductServiceImpl [main] Entered service getAllProducts()
2021-03-23 15:15:01,438 INFO com.example.product.service.ProductServiceImpl [main] Entered service getAllProducts()
2021-03-23 15:15:01,454 INFO org.springframework.orm.jpa.AbstractEntityManagerFactoryBean [SpringContextShutdownHook] Closing JPA EntityManagerFactory for persistence unit 'default'
2021-03-23 15:15:01,456 INFO org.springframework.scheduling.concurrent.ExecutorConfigurationSupport [SpringContextShutdownHook] Shutting down ExecutorService 'applicationTaskExecutor'
2021-03-23 15:15:01,456 INFO com.zaxxer.hikari.HikariDataSource [SpringContextShutdownHook] HikariPool-1 - Shutdown initiated...
2021-03-23 15:15:01,461 INFO com.zaxxer.hikari.HikariDataSource [SpringContextShutdownHook] HikariPool-1 - Shutdown completed.
