2021-06-12 09:10:43,732 WARN com.zaxxer.hikari.pool.HikariPool$HouseKeeper [HikariPool-9 housekeeper] HikariPool-9 - Thread starvation or clock leap detected (housekeeper delta=7h31m57s678ms185µs600ns).
2021-06-12 09:27:00,054 WARN com.example.product.config.JwtRequestFilter [http-nio-8088-exec-5] JWT Token does not begin with Bearer String
2021-06-12 09:27:00,730 WARN com.example.product.config.JwtRequestFilter [http-nio-8088-exec-6] JWT Token does not begin with Bearer String
2021-06-12 12:18:35,593 WARN com.example.product.config.JwtRequestFilter [http-nio-8088-exec-8] JWT Token does not begin with Bearer String
2021-06-12 12:18:36,040 WARN com.example.product.config.JwtRequestFilter [http-nio-8088-exec-2] JWT Token does not begin with Bearer String
2021-06-12 12:19:23,422 INFO org.springframework.orm.jpa.AbstractEntityManagerFactoryBean [Thread-51] Closing JPA EntityManagerFactory for persistence unit 'default'
2021-06-12 12:19:23,443 INFO org.springframework.scheduling.concurrent.ExecutorConfigurationSupport [Thread-51] Shutting down ExecutorService 'applicationTaskExecutor'
2021-06-12 12:19:23,463 WARN org.springframework.beans.factory.support.DisposableBeanAdapter [Thread-51] Invocation of destroy method failed on bean with name 'inMemoryDatabaseShutdownExecutor': org.h2.jdbc.JdbcSQLException: Database is already closed (to disable automatic closing at VM shutdown, add ";DB_CLOSE_ON_EXIT=FALSE" to the db URL) [90121-192]
2021-06-12 12:19:23,463 INFO com.zaxxer.hikari.HikariDataSource [Thread-51] HikariPool-9 - Shutdown initiated...
2021-06-12 12:19:23,472 INFO com.zaxxer.hikari.HikariDataSource [Thread-51] HikariPool-9 - Shutdown completed.
2021-06-12 12:19:24,275 INFO org.springframework.boot.StartupInfoLogger [restartedMain] Starting ProductApplication using Java 14.0.2 on DESKTOP-QN882RI with PID 26920 (D:\Poongs\eclipse-workspace\product-demo-workspace\ProductDemo\target\classes started by Poongs in D:\Poongs\eclipse-workspace\product-demo-workspace\ProductDemo)
2021-06-12 12:19:24,276 DEBUG org.springframework.boot.StartupInfoLogger [restartedMain] Running with Spring Boot v2.4.0, Spring v5.3.1
2021-06-12 12:19:24,276 INFO org.springframework.boot.SpringApplication [restartedMain] No active profile set, falling back to default profiles: default
2021-06-12 12:19:25,103 INFO org.springframework.data.repository.config.RepositoryConfigurationDelegate [restartedMain] Bootstrapping Spring Data JPA repositories in DEFERRED mode.
2021-06-12 12:19:25,183 INFO org.springframework.data.repository.config.RepositoryConfigurationDelegate [restartedMain] Finished Spring Data repository scanning in 78 ms. Found 2 JPA repository interfaces.
2021-06-12 12:19:25,280 INFO org.springframework.context.support.PostProcessorRegistrationDelegate$BeanPostProcessorChecker [restartedMain] Bean 'org.springframework.security.access.expression.method.DefaultMethodSecurityExpressionHandler@79fc9be9' of type [org.springframework.security.access.expression.method.DefaultMethodSecurityExpressionHandler] is not eligible for getting processed by all BeanPostProcessors (for example: not eligible for auto-proxying)
2021-06-12 12:19:25,283 INFO org.springframework.context.support.PostProcessorRegistrationDelegate$BeanPostProcessorChecker [restartedMain] Bean 'methodSecurityMetadataSource' of type [org.springframework.security.access.method.DelegatingMethodSecurityMetadataSource] is not eligible for getting processed by all BeanPostProcessors (for example: not eligible for auto-proxying)
2021-06-12 12:19:25,384 INFO org.springframework.boot.web.embedded.tomcat.TomcatWebServer [restartedMain] Tomcat initialized with port(s): 8088 (http)
2021-06-12 12:19:25,386 INFO org.apache.juli.logging.DirectJDKLog [restartedMain] Initializing ProtocolHandler ["http-nio-8088"]
2021-06-12 12:19:25,386 INFO org.apache.juli.logging.DirectJDKLog [restartedMain] Starting service [Tomcat]
2021-06-12 12:19:25,386 INFO org.apache.juli.logging.DirectJDKLog [restartedMain] Starting Servlet engine: [Apache Tomcat/9.0.39]
2021-06-12 12:19:25,412 INFO org.apache.juli.logging.DirectJDKLog [restartedMain] Initializing Spring embedded WebApplicationContext
2021-06-12 12:19:25,412 INFO org.springframework.boot.web.servlet.context.ServletWebServerApplicationContext [restartedMain] Root WebApplicationContext: initialization completed in 1129 ms
2021-06-12 12:19:25,424 INFO com.zaxxer.hikari.HikariDataSource [restartedMain] HikariPool-10 - Starting...
2021-06-12 12:19:25,427 INFO com.zaxxer.hikari.HikariDataSource [restartedMain] HikariPool-10 - Start completed.
2021-06-12 12:19:25,427 INFO org.springframework.boot.autoconfigure.h2.H2ConsoleAutoConfiguration [restartedMain] H2 console available at '/h2-console'. Database available at 'jdbc:h2:mem:test'
2021-06-12 12:19:25,485 WARN org.springframework.boot.autoconfigure.orm.jpa.JpaBaseConfiguration$JpaWebConfiguration [restartedMain] spring.jpa.open-in-view is enabled by default. Therefore, database queries may be performed during view rendering. Explicitly configure spring.jpa.open-in-view to disable this warning
2021-06-12 12:19:25,499 INFO org.springframework.scheduling.concurrent.ExecutorConfigurationSupport [restartedMain] Initializing ExecutorService 'applicationTaskExecutor'
2021-06-12 12:19:25,506 INFO org.hibernate.jpa.internal.util.LogHelper [task-1] HHH000204: Processing PersistenceUnitInfo [name: default]
2021-06-12 12:19:25,524 INFO org.hibernate.dialect.Dialect [task-1] HHH000400: Using dialect: org.hibernate.dialect.H2Dialect
2021-06-12 12:19:25,594 DEBUG org.springframework.web.filter.GenericFilterBean [restartedMain] Filter 'jwtRequestFilter' configured for use
2021-06-12 12:19:25,666 INFO org.hibernate.engine.transaction.jta.platform.internal.JtaPlatformInitiator [task-1] HHH000490: Using JtaPlatform implementation: [org.hibernate.engine.transaction.jta.platform.internal.NoJtaPlatform]
2021-06-12 12:19:25,666 INFO org.springframework.orm.jpa.AbstractEntityManagerFactoryBean [task-1] Initialized JPA EntityManagerFactory for persistence unit 'default'
2021-06-12 12:19:26,162 INFO org.springframework.security.web.DefaultSecurityFilterChain [restartedMain] Will secure any request with [org.springframework.security.web.context.request.async.WebAsyncManagerIntegrationFilter@487c3406, org.springframework.security.web.context.SecurityContextPersistenceFilter@1e0a4eaa, org.springframework.security.web.header.HeaderWriterFilter@1a117d09, org.springframework.web.filter.CorsFilter@63e2b206, org.springframework.security.web.authentication.logout.LogoutFilter@71573577, com.example.product.config.JwtRequestFilter@287c8f2d, org.springframework.security.web.savedrequest.RequestCacheAwareFilter@50ba50da, org.springframework.security.web.servletapi.SecurityContextHolderAwareRequestFilter@41d286f1, org.springframework.security.web.authentication.AnonymousAuthenticationFilter@3bfb9284, org.springframework.security.web.session.SessionManagementFilter@19fce14d, org.springframework.security.web.access.ExceptionTranslationFilter@69e4e342, org.springframework.security.web.access.intercept.FilterSecurityInterceptor@723e4629]
2021-06-12 12:19:26,164 INFO org.springframework.boot.devtools.autoconfigure.OptionalLiveReloadServer [task-2] LiveReload server is running on port 35729
2021-06-12 12:19:26,426 INFO org.apache.juli.logging.DirectJDKLog [restartedMain] Starting ProtocolHandler ["http-nio-8088"]
2021-06-12 12:19:26,431 INFO org.springframework.boot.web.embedded.tomcat.TomcatWebServer [restartedMain] Tomcat started on port(s): 8088 (http) with context path ''
2021-06-12 12:19:26,431 INFO org.springframework.data.repository.config.DeferredRepositoryInitializationListener [restartedMain] Triggering deferred initialization of Spring Data repositories…
2021-06-12 12:19:26,527 INFO org.springframework.data.repository.config.DeferredRepositoryInitializationListener [restartedMain] Spring Data repositories initialized!
2021-06-12 12:19:26,532 INFO org.springframework.boot.StartupInfoLogger [restartedMain] Started ProductApplication in 2.338 seconds (JVM running for 98608.916)
2021-06-12 12:19:26,535 INFO org.springframework.boot.devtools.autoconfigure.ConditionEvaluationDeltaLoggingListener [restartedMain] Condition evaluation unchanged
2021-06-12 12:19:30,983 INFO org.apache.juli.logging.DirectJDKLog [http-nio-8088-exec-1] Initializing Spring DispatcherServlet 'dispatcherServlet'
2021-06-12 12:19:30,984 INFO org.springframework.web.servlet.FrameworkServlet [http-nio-8088-exec-1] Initializing Servlet 'dispatcherServlet'
2021-06-12 12:19:30,985 INFO org.springframework.web.servlet.FrameworkServlet [http-nio-8088-exec-1] Completed initialization in 1 ms
2021-06-12 12:19:30,985 WARN com.example.product.config.JwtRequestFilter [http-nio-8088-exec-1] JWT Token does not begin with Bearer String
2021-06-12 12:19:30,997 WARN com.example.product.config.JwtRequestFilter [http-nio-8088-exec-2] JWT Token does not begin with Bearer String
2021-06-12 12:19:31,113 WARN com.example.product.config.JwtRequestFilter [http-nio-8088-exec-4] JWT Token does not begin with Bearer String
2021-06-12 12:19:36,952 WARN com.example.product.config.JwtRequestFilter [http-nio-8088-exec-6] JWT Token does not begin with Bearer String
2021-06-12 12:19:37,039 WARN com.example.product.config.JwtRequestFilter [http-nio-8088-exec-7] JWT Token does not begin with Bearer String
2021-06-12 12:20:10,612 INFO org.springframework.orm.jpa.AbstractEntityManagerFactoryBean [Thread-58] Closing JPA EntityManagerFactory for persistence unit 'default'
2021-06-12 12:20:10,613 INFO org.springframework.scheduling.concurrent.ExecutorConfigurationSupport [Thread-58] Shutting down ExecutorService 'applicationTaskExecutor'
2021-06-12 12:20:10,615 WARN org.springframework.beans.factory.support.DisposableBeanAdapter [Thread-58] Invocation of destroy method failed on bean with name 'inMemoryDatabaseShutdownExecutor': org.h2.jdbc.JdbcSQLException: Database is already closed (to disable automatic closing at VM shutdown, add ";DB_CLOSE_ON_EXIT=FALSE" to the db URL) [90121-192]
2021-06-12 12:20:10,615 INFO com.zaxxer.hikari.HikariDataSource [Thread-58] HikariPool-10 - Shutdown initiated...
2021-06-12 12:20:10,616 INFO com.zaxxer.hikari.HikariDataSource [Thread-58] HikariPool-10 - Shutdown completed.
2021-06-12 12:20:10,699 INFO org.springframework.boot.StartupInfoLogger [restartedMain] Starting ProductApplication using Java 14.0.2 on DESKTOP-QN882RI with PID 26920 (D:\Poongs\eclipse-workspace\product-demo-workspace\ProductDemo\target\classes started by Poongs in D:\Poongs\eclipse-workspace\product-demo-workspace\ProductDemo)
2021-06-12 12:20:10,699 DEBUG org.springframework.boot.StartupInfoLogger [restartedMain] Running with Spring Boot v2.4.0, Spring v5.3.1
2021-06-12 12:20:10,699 INFO org.springframework.boot.SpringApplication [restartedMain] No active profile set, falling back to default profiles: default
2021-06-12 12:20:10,831 INFO org.springframework.data.repository.config.RepositoryConfigurationDelegate [restartedMain] Bootstrapping Spring Data JPA repositories in DEFERRED mode.
2021-06-12 12:20:10,849 INFO org.springframework.data.repository.config.RepositoryConfigurationDelegate [restartedMain] Finished Spring Data repository scanning in 18 ms. Found 2 JPA repository interfaces.
2021-06-12 12:20:10,888 INFO org.springframework.context.support.PostProcessorRegistrationDelegate$BeanPostProcessorChecker [restartedMain] Bean 'org.springframework.security.access.expression.method.DefaultMethodSecurityExpressionHandler@2305b247' of type [org.springframework.security.access.expression.method.DefaultMethodSecurityExpressionHandler] is not eligible for getting processed by all BeanPostProcessors (for example: not eligible for auto-proxying)
2021-06-12 12:20:10,889 INFO org.springframework.context.support.PostProcessorRegistrationDelegate$BeanPostProcessorChecker [restartedMain] Bean 'methodSecurityMetadataSource' of type [org.springframework.security.access.method.DelegatingMethodSecurityMetadataSource] is not eligible for getting processed by all BeanPostProcessors (for example: not eligible for auto-proxying)
2021-06-12 12:20:10,946 INFO org.springframework.boot.web.embedded.tomcat.TomcatWebServer [restartedMain] Tomcat initialized with port(s): 8088 (http)
2021-06-12 12:20:10,947 INFO org.apache.juli.logging.DirectJDKLog [restartedMain] Initializing ProtocolHandler ["http-nio-8088"]
2021-06-12 12:20:10,947 INFO org.apache.juli.logging.DirectJDKLog [restartedMain] Starting service [Tomcat]
2021-06-12 12:20:10,947 INFO org.apache.juli.logging.DirectJDKLog [restartedMain] Starting Servlet engine: [Apache Tomcat/9.0.39]
2021-06-12 12:20:10,969 INFO org.apache.juli.logging.DirectJDKLog [restartedMain] Initializing Spring embedded WebApplicationContext
2021-06-12 12:20:10,970 INFO org.springframework.boot.web.servlet.context.ServletWebServerApplicationContext [restartedMain] Root WebApplicationContext: initialization completed in 269 ms
2021-06-12 12:20:10,980 INFO com.zaxxer.hikari.HikariDataSource [restartedMain] HikariPool-11 - Starting...
2021-06-12 12:20:10,981 INFO com.zaxxer.hikari.HikariDataSource [restartedMain] HikariPool-11 - Start completed.
2021-06-12 12:20:10,981 INFO org.springframework.boot.autoconfigure.h2.H2ConsoleAutoConfiguration [restartedMain] H2 console available at '/h2-console'. Database available at 'jdbc:h2:mem:test'
2021-06-12 12:20:11,016 WARN org.springframework.boot.autoconfigure.orm.jpa.JpaBaseConfiguration$JpaWebConfiguration [restartedMain] spring.jpa.open-in-view is enabled by default. Therefore, database queries may be performed during view rendering. Explicitly configure spring.jpa.open-in-view to disable this warning
2021-06-12 12:20:11,022 INFO org.springframework.scheduling.concurrent.ExecutorConfigurationSupport [restartedMain] Initializing ExecutorService 'applicationTaskExecutor'
2021-06-12 12:20:11,027 INFO org.hibernate.jpa.internal.util.LogHelper [task-1] HHH000204: Processing PersistenceUnitInfo [name: default]
2021-06-12 12:20:11,032 INFO org.hibernate.dialect.Dialect [task-1] HHH000400: Using dialect: org.hibernate.dialect.H2Dialect
2021-06-12 12:20:11,061 DEBUG org.springframework.web.filter.GenericFilterBean [restartedMain] Filter 'jwtRequestFilter' configured for use
2021-06-12 12:20:11,079 INFO org.hibernate.engine.transaction.jta.platform.internal.JtaPlatformInitiator [task-1] HHH000490: Using JtaPlatform implementation: [org.hibernate.engine.transaction.jta.platform.internal.NoJtaPlatform]
2021-06-12 12:20:11,079 INFO org.springframework.orm.jpa.AbstractEntityManagerFactoryBean [task-1] Initialized JPA EntityManagerFactory for persistence unit 'default'
2021-06-12 12:20:11,349 INFO org.springframework.security.web.DefaultSecurityFilterChain [restartedMain] Will secure any request with [org.springframework.security.web.context.request.async.WebAsyncManagerIntegrationFilter@1ac281, org.springframework.security.web.context.SecurityContextPersistenceFilter@14cab2f6, org.springframework.security.web.header.HeaderWriterFilter@56a43f29, org.springframework.web.filter.CorsFilter@60ec9182, org.springframework.security.web.authentication.logout.LogoutFilter@5feb1de4, com.example.product.config.JwtRequestFilter@2ea6b798, org.springframework.security.web.savedrequest.RequestCacheAwareFilter@17305f2a, org.springframework.security.web.servletapi.SecurityContextHolderAwareRequestFilter@609a7792, org.springframework.security.web.authentication.AnonymousAuthenticationFilter@63782e27, org.springframework.security.web.session.SessionManagementFilter@3ed81966, org.springframework.security.web.access.ExceptionTranslationFilter@5f8b8e53, org.springframework.security.web.access.intercept.FilterSecurityInterceptor@43b9fad2]
2021-06-12 12:20:11,352 INFO org.springframework.boot.devtools.autoconfigure.OptionalLiveReloadServer [task-2] LiveReload server is running on port 35729
2021-06-12 12:20:11,402 INFO org.apache.juli.logging.DirectJDKLog [restartedMain] Starting ProtocolHandler ["http-nio-8088"]
2021-06-12 12:20:11,410 INFO org.springframework.boot.web.embedded.tomcat.TomcatWebServer [restartedMain] Tomcat started on port(s): 8088 (http) with context path ''
2021-06-12 12:20:11,410 INFO org.springframework.data.repository.config.DeferredRepositoryInitializationListener [restartedMain] Triggering deferred initialization of Spring Data repositories…
2021-06-12 12:20:11,449 INFO org.springframework.data.repository.config.DeferredRepositoryInitializationListener [restartedMain] Spring Data repositories initialized!
2021-06-12 12:20:11,451 INFO org.springframework.boot.StartupInfoLogger [restartedMain] Started ProductApplication in 0.772 seconds (JVM running for 98653.835)
2021-06-12 12:20:11,452 INFO org.springframework.boot.devtools.autoconfigure.ConditionEvaluationDeltaLoggingListener [restartedMain] Condition evaluation unchanged
2021-06-12 12:20:13,020 INFO org.apache.juli.logging.DirectJDKLog [http-nio-8088-exec-1] Initializing Spring DispatcherServlet 'dispatcherServlet'
2021-06-12 12:20:13,020 INFO org.springframework.web.servlet.FrameworkServlet [http-nio-8088-exec-1] Initializing Servlet 'dispatcherServlet'
2021-06-12 12:20:13,020 INFO org.springframework.web.servlet.FrameworkServlet [http-nio-8088-exec-1] Completed initialization in 0 ms
2021-06-12 12:20:13,021 WARN com.example.product.config.JwtRequestFilter [http-nio-8088-exec-1] JWT Token does not begin with Bearer String
2021-06-12 12:20:13,039 WARN com.example.product.config.JwtRequestFilter [http-nio-8088-exec-2] JWT Token does not begin with Bearer String
2021-06-12 12:20:13,039 WARN com.example.product.config.JwtRequestFilter [http-nio-8088-exec-3] JWT Token does not begin with Bearer String
2021-06-12 12:20:13,040 WARN com.example.product.config.JwtRequestFilter [http-nio-8088-exec-4] JWT Token does not begin with Bearer String
2021-06-12 12:20:13,263 WARN com.example.product.config.JwtRequestFilter [http-nio-8088-exec-5] JWT Token does not begin with Bearer String
2021-06-12 12:20:13,277 WARN com.example.product.config.JwtRequestFilter [http-nio-8088-exec-6] JWT Token does not begin with Bearer String
2021-06-12 12:21:33,082 WARN com.example.product.config.JwtRequestFilter [http-nio-8088-exec-10] JWT Token does not begin with Bearer String
2021-06-12 12:21:33,092 WARN com.example.product.config.JwtRequestFilter [http-nio-8088-exec-1] JWT Token does not begin with Bearer String
2021-06-12 12:21:33,130 WARN com.example.product.config.JwtRequestFilter [http-nio-8088-exec-2] JWT Token does not begin with Bearer String
2021-06-12 12:21:33,130 WARN com.example.product.config.JwtRequestFilter [http-nio-8088-exec-4] JWT Token does not begin with Bearer String
2021-06-12 12:21:33,139 WARN com.example.product.config.JwtRequestFilter [http-nio-8088-exec-3] JWT Token does not begin with Bearer String
2021-06-12 12:21:33,354 WARN com.example.product.config.JwtRequestFilter [http-nio-8088-exec-5] JWT Token does not begin with Bearer String
2021-06-12 12:21:43,849 WARN com.example.product.config.JwtRequestFilter [http-nio-8088-exec-8] JWT Token does not begin with Bearer String
2021-06-12 12:21:43,865 WARN com.example.product.config.JwtRequestFilter [http-nio-8088-exec-10] JWT Token does not begin with Bearer String
2021-06-12 12:21:43,993 WARN com.example.product.config.JwtRequestFilter [http-nio-8088-exec-1] JWT Token does not begin with Bearer String
2021-06-12 12:21:43,994 WARN com.example.product.config.JwtRequestFilter [http-nio-8088-exec-2] JWT Token does not begin with Bearer String
2021-06-12 12:21:43,994 WARN com.example.product.config.JwtRequestFilter [http-nio-8088-exec-3] JWT Token does not begin with Bearer String
2021-06-12 12:21:44,155 WARN com.example.product.config.JwtRequestFilter [http-nio-8088-exec-4] JWT Token does not begin with Bearer String
2021-06-12 12:21:44,161 WARN com.example.product.config.JwtRequestFilter [http-nio-8088-exec-5] JWT Token does not begin with Bearer String
2021-06-12 12:21:44,185 WARN com.example.product.config.JwtRequestFilter [http-nio-8088-exec-7] JWT Token does not begin with Bearer String
2021-06-12 12:21:44,185 WARN com.example.product.config.JwtRequestFilter [http-nio-8088-exec-9] JWT Token does not begin with Bearer String
2021-06-12 12:21:44,185 WARN com.example.product.config.JwtRequestFilter [http-nio-8088-exec-6] JWT Token does not begin with Bearer String
2021-06-12 12:21:44,396 WARN com.example.product.config.JwtRequestFilter [http-nio-8088-exec-8] JWT Token does not begin with Bearer String
2021-06-12 12:22:24,655 WARN com.example.product.config.JwtRequestFilter [http-nio-8088-exec-2] JWT Token does not begin with Bearer String
2021-06-12 12:23:14,117 WARN com.example.product.config.JwtRequestFilter [http-nio-8088-exec-5] JWT Token does not begin with Bearer String
2021-06-12 12:23:18,326 WARN com.example.product.config.JwtRequestFilter [http-nio-8088-exec-7] JWT Token does not begin with Bearer String
2021-06-12 12:23:18,416 INFO org.springdoc.api.AbstractOpenApiResource [http-nio-8088-exec-7] Init duration for springdoc-openapi is: 82 ms
2021-06-12 12:23:27,556 WARN com.example.product.config.JwtRequestFilter [http-nio-8088-exec-6] JWT Token does not begin with Bearer String
2021-06-12 12:23:33,143 WARN com.example.product.config.JwtRequestFilter [http-nio-8088-exec-3] JWT Token does not begin with Bearer String
2021-06-12 12:32:23,464 INFO org.springframework.boot.StartupInfoLogger [main] Starting ProductServiceTest using Java 14.0.2 on DESKTOP-QN882RI with PID 47580 (started by Poongs in D:\Poongs\eclipse-workspace\product-demo-workspace\ProductDemo)
2021-06-12 12:32:23,465 DEBUG org.springframework.boot.StartupInfoLogger [main] Running with Spring Boot v2.4.0, Spring v5.3.1
2021-06-12 12:32:23,468 INFO org.springframework.boot.SpringApplication [main] No active profile set, falling back to default profiles: default
2021-06-12 12:32:23,470 INFO org.hibernate.validator.internal.util.Version [background-preinit] HV000001: Hibernate Validator 6.1.6.Final
2021-06-12 12:32:24,333 INFO org.springframework.data.repository.config.RepositoryConfigurationDelegate [main] Bootstrapping Spring Data JPA repositories in DEFERRED mode.
2021-06-12 12:32:24,401 INFO org.springframework.data.repository.config.RepositoryConfigurationDelegate [main] Finished Spring Data repository scanning in 60 ms. Found 2 JPA repository interfaces.
2021-06-12 12:32:24,831 INFO org.springframework.context.support.PostProcessorRegistrationDelegate$BeanPostProcessorChecker [main] Bean 'org.springframework.security.access.expression.method.DefaultMethodSecurityExpressionHandler@3178219a' of type [org.springframework.security.access.expression.method.DefaultMethodSecurityExpressionHandler] is not eligible for getting processed by all BeanPostProcessors (for example: not eligible for auto-proxying)
2021-06-12 12:32:24,853 INFO org.springframework.context.support.PostProcessorRegistrationDelegate$BeanPostProcessorChecker [main] Bean 'methodSecurityMetadataSource' of type [org.springframework.security.access.method.DelegatingMethodSecurityMetadataSource] is not eligible for getting processed by all BeanPostProcessors (for example: not eligible for auto-proxying)
2021-06-12 12:32:25,028 INFO org.springframework.scheduling.concurrent.ExecutorConfigurationSupport [main] Initializing ExecutorService 'applicationTaskExecutor'
2021-06-12 12:32:25,091 INFO org.hibernate.jpa.internal.util.LogHelper [task-1] HHH000204: Processing PersistenceUnitInfo [name: default]
2021-06-12 12:32:25,179 INFO org.hibernate.Version [task-1] HHH000412: Hibernate ORM core version 5.4.23.Final
2021-06-12 12:32:25,352 WARN org.springframework.boot.autoconfigure.orm.jpa.JpaBaseConfiguration$JpaWebConfiguration [main] spring.jpa.open-in-view is enabled by default. Therefore, database queries may be performed during view rendering. Explicitly configure spring.jpa.open-in-view to disable this warning
2021-06-12 12:32:25,382 INFO org.hibernate.annotations.common.reflection.java.JavaReflectionManager [task-1] HCANN000001: Hibernate Commons Annotations {5.1.2.Final}
2021-06-12 12:32:25,647 INFO com.zaxxer.hikari.HikariDataSource [task-1] HikariPool-1 - Starting...
2021-06-12 12:32:25,827 INFO com.zaxxer.hikari.HikariDataSource [task-1] HikariPool-1 - Start completed.
2021-06-12 12:32:25,883 INFO org.hibernate.dialect.Dialect [task-1] HHH000400: Using dialect: org.hibernate.dialect.H2Dialect
2021-06-12 12:32:26,702 INFO org.springframework.security.web.DefaultSecurityFilterChain [main] Will secure any request with [org.springframework.security.web.context.request.async.WebAsyncManagerIntegrationFilter@3cf55e0c, org.springframework.security.web.context.SecurityContextPersistenceFilter@26457986, org.springframework.security.web.header.HeaderWriterFilter@56a4abd0, org.springframework.web.filter.CorsFilter@ee96866, org.springframework.security.web.authentication.logout.LogoutFilter@25791d40, com.example.product.config.JwtRequestFilter@34330f77, org.springframework.security.web.savedrequest.RequestCacheAwareFilter@501957bf, org.springframework.security.web.servletapi.SecurityContextHolderAwareRequestFilter@395f52ed, org.springframework.security.web.authentication.AnonymousAuthenticationFilter@4c04216f, org.springframework.security.web.session.SessionManagementFilter@3a296107, org.springframework.security.web.access.ExceptionTranslationFilter@4a642e4b, org.springframework.security.web.access.intercept.FilterSecurityInterceptor@51424203]
2021-06-12 12:32:26,919 INFO org.hibernate.engine.transaction.jta.platform.internal.JtaPlatformInitiator [task-1] HHH000490: Using JtaPlatform implementation: [org.hibernate.engine.transaction.jta.platform.internal.NoJtaPlatform]
2021-06-12 12:32:26,930 INFO org.springframework.orm.jpa.AbstractEntityManagerFactoryBean [task-1] Initialized JPA EntityManagerFactory for persistence unit 'default'
2021-06-12 12:32:27,425 INFO org.springframework.data.repository.config.DeferredRepositoryInitializationListener [main] Triggering deferred initialization of Spring Data repositories…
2021-06-12 12:32:27,840 INFO org.springframework.data.repository.config.DeferredRepositoryInitializationListener [main] Spring Data repositories initialized!
2021-06-12 12:32:27,851 INFO org.springframework.boot.StartupInfoLogger [main] Started ProductServiceTest in 4.754 seconds (JVM running for 5.586)
2021-06-12 12:32:28,144 INFO com.example.product.service.ProductServiceImpl [main] Entered service getProducts()
2021-06-12 12:32:28,167 INFO com.example.product.service.ProductServiceImpl [main] Entered service getAllProducts()
2021-06-12 12:32:28,176 INFO com.example.product.service.ProductServiceImpl [main] Entered service getProducts()
2021-06-12 12:32:28,183 INFO com.example.product.service.ProductServiceImpl [main] Entered service addProducts()
2021-06-12 12:32:28,188 INFO com.example.product.service.ProductServiceImpl [main] Entered service addProducts()
2021-06-12 12:32:28,197 INFO com.example.product.service.ProductServiceImpl [main] Entered service deleteProducts()
2021-06-12 12:32:28,216 INFO com.example.product.service.ProductServiceImpl [main] Entered service getAllProducts()
2021-06-12 12:32:28,229 INFO org.springframework.orm.jpa.AbstractEntityManagerFactoryBean [SpringContextShutdownHook] Closing JPA EntityManagerFactory for persistence unit 'default'
2021-06-12 12:32:28,232 INFO org.springframework.scheduling.concurrent.ExecutorConfigurationSupport [SpringContextShutdownHook] Shutting down ExecutorService 'applicationTaskExecutor'
2021-06-12 12:32:28,232 INFO com.zaxxer.hikari.HikariDataSource [SpringContextShutdownHook] HikariPool-1 - Shutdown initiated...
2021-06-12 12:32:28,235 INFO com.zaxxer.hikari.HikariDataSource [SpringContextShutdownHook] HikariPool-1 - Shutdown completed.
2021-06-12 12:33:39,214 INFO org.springframework.boot.StartupInfoLogger [main] Starting ProductServiceTest using Java 14.0.2 on DESKTOP-QN882RI with PID 57220 (started by Poongs in D:\Poongs\eclipse-workspace\product-demo-workspace\ProductDemo)
2021-06-12 12:33:39,217 DEBUG org.springframework.boot.StartupInfoLogger [main] Running with Spring Boot v2.4.0, Spring v5.3.1
2021-06-12 12:33:39,219 INFO org.springframework.boot.SpringApplication [main] No active profile set, falling back to default profiles: default
2021-06-12 12:33:39,234 INFO org.hibernate.validator.internal.util.Version [background-preinit] HV000001: Hibernate Validator 6.1.6.Final
2021-06-12 12:33:39,998 INFO org.springframework.data.repository.config.RepositoryConfigurationDelegate [main] Bootstrapping Spring Data JPA repositories in DEFERRED mode.
2021-06-12 12:33:40,052 INFO org.springframework.data.repository.config.RepositoryConfigurationDelegate [main] Finished Spring Data repository scanning in 45 ms. Found 2 JPA repository interfaces.
2021-06-12 12:33:40,429 INFO org.springframework.context.support.PostProcessorRegistrationDelegate$BeanPostProcessorChecker [main] Bean 'org.springframework.security.access.expression.method.DefaultMethodSecurityExpressionHandler@345d053b' of type [org.springframework.security.access.expression.method.DefaultMethodSecurityExpressionHandler] is not eligible for getting processed by all BeanPostProcessors (for example: not eligible for auto-proxying)
2021-06-12 12:33:40,446 INFO org.springframework.context.support.PostProcessorRegistrationDelegate$BeanPostProcessorChecker [main] Bean 'methodSecurityMetadataSource' of type [org.springframework.security.access.method.DelegatingMethodSecurityMetadataSource] is not eligible for getting processed by all BeanPostProcessors (for example: not eligible for auto-proxying)
2021-06-12 12:33:40,606 INFO org.springframework.scheduling.concurrent.ExecutorConfigurationSupport [main] Initializing ExecutorService 'applicationTaskExecutor'
2021-06-12 12:33:40,672 INFO org.hibernate.jpa.internal.util.LogHelper [task-1] HHH000204: Processing PersistenceUnitInfo [name: default]
2021-06-12 12:33:40,727 INFO org.hibernate.Version [task-1] HHH000412: Hibernate ORM core version 5.4.23.Final
2021-06-12 12:33:40,862 INFO org.hibernate.annotations.common.reflection.java.JavaReflectionManager [task-1] HCANN000001: Hibernate Commons Annotations {5.1.2.Final}
2021-06-12 12:33:40,910 WARN org.springframework.boot.autoconfigure.orm.jpa.JpaBaseConfiguration$JpaWebConfiguration [main] spring.jpa.open-in-view is enabled by default. Therefore, database queries may be performed during view rendering. Explicitly configure spring.jpa.open-in-view to disable this warning
2021-06-12 12:33:41,028 INFO com.zaxxer.hikari.HikariDataSource [task-1] HikariPool-1 - Starting...
2021-06-12 12:33:41,152 INFO com.zaxxer.hikari.HikariDataSource [task-1] HikariPool-1 - Start completed.
2021-06-12 12:33:41,189 INFO org.hibernate.dialect.Dialect [task-1] HHH000400: Using dialect: org.hibernate.dialect.H2Dialect
2021-06-12 12:33:42,094 INFO org.hibernate.engine.transaction.jta.platform.internal.JtaPlatformInitiator [task-1] HHH000490: Using JtaPlatform implementation: [org.hibernate.engine.transaction.jta.platform.internal.NoJtaPlatform]
2021-06-12 12:33:42,107 INFO org.springframework.orm.jpa.AbstractEntityManagerFactoryBean [task-1] Initialized JPA EntityManagerFactory for persistence unit 'default'
2021-06-12 12:33:42,243 INFO org.springframework.security.web.DefaultSecurityFilterChain [main] Will secure any request with [org.springframework.security.web.context.request.async.WebAsyncManagerIntegrationFilter@237b2852, org.springframework.security.web.context.SecurityContextPersistenceFilter@3b4086c1, org.springframework.security.web.header.HeaderWriterFilter@5ec6fede, org.springframework.web.filter.CorsFilter@448cdb47, org.springframework.security.web.authentication.logout.LogoutFilter@374c40ba, com.example.product.config.JwtRequestFilter@3380ca3d, org.springframework.security.web.savedrequest.RequestCacheAwareFilter@69ed5ea2, org.springframework.security.web.servletapi.SecurityContextHolderAwareRequestFilter@4a864d4d, org.springframework.security.web.authentication.AnonymousAuthenticationFilter@4628a02b, org.springframework.security.web.session.SessionManagementFilter@361cd35c, org.springframework.security.web.access.ExceptionTranslationFilter@8840c98, org.springframework.security.web.access.intercept.FilterSecurityInterceptor@19eea77c]
2021-06-12 12:33:42,945 INFO org.springframework.data.repository.config.DeferredRepositoryInitializationListener [main] Triggering deferred initialization of Spring Data repositories…
2021-06-12 12:33:43,300 INFO org.springframework.data.repository.config.DeferredRepositoryInitializationListener [main] Spring Data repositories initialized!
2021-06-12 12:33:43,309 INFO org.springframework.boot.StartupInfoLogger [main] Started ProductServiceTest in 4.426 seconds (JVM running for 5.21)
2021-06-12 12:33:43,558 INFO com.example.product.service.ProductServiceImpl [main] Entered service getProducts()
2021-06-12 12:33:43,585 INFO com.example.product.service.ProductServiceImpl [main] Entered service getAllProducts()
2021-06-12 12:33:43,598 INFO com.example.product.service.ProductServiceImpl [main] Entered service getProducts()
2021-06-12 12:33:43,606 INFO com.example.product.service.ProductServiceImpl [main] Entered service addProducts()
2021-06-12 12:33:43,612 INFO com.example.product.service.ProductServiceImpl [main] Entered service addProducts()
2021-06-12 12:33:43,647 INFO com.example.product.service.ProductServiceImpl [main] Entered service getAllProducts()
2021-06-12 12:33:43,660 INFO org.springframework.orm.jpa.AbstractEntityManagerFactoryBean [SpringContextShutdownHook] Closing JPA EntityManagerFactory for persistence unit 'default'
2021-06-12 12:33:43,662 INFO org.springframework.scheduling.concurrent.ExecutorConfigurationSupport [SpringContextShutdownHook] Shutting down ExecutorService 'applicationTaskExecutor'
2021-06-12 12:33:43,663 INFO com.zaxxer.hikari.HikariDataSource [SpringContextShutdownHook] HikariPool-1 - Shutdown initiated...
2021-06-12 12:33:43,666 INFO com.zaxxer.hikari.HikariDataSource [SpringContextShutdownHook] HikariPool-1 - Shutdown completed.
2021-06-12 12:34:57,478 INFO org.springframework.boot.StartupInfoLogger [main] Starting ProductServiceTest using Java 14.0.2 on DESKTOP-QN882RI with PID 34892 (started by Poongs in D:\Poongs\eclipse-workspace\product-demo-workspace\ProductDemo)
2021-06-12 12:34:57,479 DEBUG org.springframework.boot.StartupInfoLogger [main] Running with Spring Boot v2.4.0, Spring v5.3.1
2021-06-12 12:34:57,481 INFO org.springframework.boot.SpringApplication [main] No active profile set, falling back to default profiles: default
2021-06-12 12:34:57,489 INFO org.hibernate.validator.internal.util.Version [background-preinit] HV000001: Hibernate Validator 6.1.6.Final
2021-06-12 12:34:58,289 INFO org.springframework.data.repository.config.RepositoryConfigurationDelegate [main] Bootstrapping Spring Data JPA repositories in DEFERRED mode.
2021-06-12 12:34:58,344 INFO org.springframework.data.repository.config.RepositoryConfigurationDelegate [main] Finished Spring Data repository scanning in 48 ms. Found 2 JPA repository interfaces.
2021-06-12 12:34:58,725 INFO org.springframework.context.support.PostProcessorRegistrationDelegate$BeanPostProcessorChecker [main] Bean 'org.springframework.security.access.expression.method.DefaultMethodSecurityExpressionHandler@3178219a' of type [org.springframework.security.access.expression.method.DefaultMethodSecurityExpressionHandler] is not eligible for getting processed by all BeanPostProcessors (for example: not eligible for auto-proxying)
2021-06-12 12:34:58,739 INFO org.springframework.context.support.PostProcessorRegistrationDelegate$BeanPostProcessorChecker [main] Bean 'methodSecurityMetadataSource' of type [org.springframework.security.access.method.DelegatingMethodSecurityMetadataSource] is not eligible for getting processed by all BeanPostProcessors (for example: not eligible for auto-proxying)
2021-06-12 12:34:58,900 INFO org.springframework.scheduling.concurrent.ExecutorConfigurationSupport [main] Initializing ExecutorService 'applicationTaskExecutor'
2021-06-12 12:34:58,952 INFO org.hibernate.jpa.internal.util.LogHelper [task-1] HHH000204: Processing PersistenceUnitInfo [name: default]
2021-06-12 12:34:59,017 INFO org.hibernate.Version [task-1] HHH000412: Hibernate ORM core version 5.4.23.Final
2021-06-12 12:34:59,161 INFO org.hibernate.annotations.common.reflection.java.JavaReflectionManager [task-1] HCANN000001: Hibernate Commons Annotations {5.1.2.Final}
2021-06-12 12:34:59,205 WARN org.springframework.boot.autoconfigure.orm.jpa.JpaBaseConfiguration$JpaWebConfiguration [main] spring.jpa.open-in-view is enabled by default. Therefore, database queries may be performed during view rendering. Explicitly configure spring.jpa.open-in-view to disable this warning
2021-06-12 12:34:59,322 INFO com.zaxxer.hikari.HikariDataSource [task-1] HikariPool-1 - Starting...
2021-06-12 12:34:59,438 INFO com.zaxxer.hikari.HikariDataSource [task-1] HikariPool-1 - Start completed.
2021-06-12 12:34:59,470 INFO org.hibernate.dialect.Dialect [task-1] HHH000400: Using dialect: org.hibernate.dialect.H2Dialect
2021-06-12 12:35:00,424 INFO org.hibernate.engine.transaction.jta.platform.internal.JtaPlatformInitiator [task-1] HHH000490: Using JtaPlatform implementation: [org.hibernate.engine.transaction.jta.platform.internal.NoJtaPlatform]
2021-06-12 12:35:00,435 INFO org.springframework.orm.jpa.AbstractEntityManagerFactoryBean [task-1] Initialized JPA EntityManagerFactory for persistence unit 'default'
2021-06-12 12:35:00,555 INFO org.springframework.security.web.DefaultSecurityFilterChain [main] Will secure any request with [org.springframework.security.web.context.request.async.WebAsyncManagerIntegrationFilter@7e94e331, org.springframework.security.web.context.SecurityContextPersistenceFilter@551be9f6, org.springframework.security.web.header.HeaderWriterFilter@6c075e9d, org.springframework.web.filter.CorsFilter@539fc5d1, org.springframework.security.web.authentication.logout.LogoutFilter@3709748f, com.example.product.config.JwtRequestFilter@60e1d87c, org.springframework.security.web.savedrequest.RequestCacheAwareFilter@40d848f9, org.springframework.security.web.servletapi.SecurityContextHolderAwareRequestFilter@1f129467, org.springframework.security.web.authentication.AnonymousAuthenticationFilter@4cae66a8, org.springframework.security.web.session.SessionManagementFilter@69ed5ea2, org.springframework.security.web.access.ExceptionTranslationFilter@580902cd, org.springframework.security.web.access.intercept.FilterSecurityInterceptor@3ccb12d]
2021-06-12 12:35:01,138 INFO org.springframework.data.repository.config.DeferredRepositoryInitializationListener [main] Triggering deferred initialization of Spring Data repositories…
2021-06-12 12:35:01,522 INFO org.springframework.data.repository.config.DeferredRepositoryInitializationListener [main] Spring Data repositories initialized!
2021-06-12 12:35:01,531 INFO org.springframework.boot.StartupInfoLogger [main] Started ProductServiceTest in 4.327 seconds (JVM running for 5.106)
2021-06-12 12:35:01,769 INFO com.example.product.service.ProductServiceImpl [main] Entered service getProducts()
2021-06-12 12:35:01,791 INFO com.example.product.service.ProductServiceImpl [main] Entered service getAllProducts()
2021-06-12 12:35:01,798 INFO com.example.product.service.ProductServiceImpl [main] Entered service getProducts()
2021-06-12 12:35:01,803 INFO com.example.product.service.ProductServiceImpl [main] Entered service addProducts()
2021-06-12 12:35:01,809 INFO com.example.product.service.ProductServiceImpl [main] Entered service addProducts()
2021-06-12 12:35:01,817 INFO com.example.product.service.ProductServiceImpl [main] Entered service deleteProducts()
2021-06-12 12:35:01,831 INFO com.example.product.service.ProductServiceImpl [main] Entered service getAllProducts()
2021-06-12 12:35:01,842 INFO org.springframework.orm.jpa.AbstractEntityManagerFactoryBean [SpringContextShutdownHook] Closing JPA EntityManagerFactory for persistence unit 'default'
2021-06-12 12:35:01,844 INFO org.springframework.scheduling.concurrent.ExecutorConfigurationSupport [SpringContextShutdownHook] Shutting down ExecutorService 'applicationTaskExecutor'
2021-06-12 12:35:01,845 INFO com.zaxxer.hikari.HikariDataSource [SpringContextShutdownHook] HikariPool-1 - Shutdown initiated...
2021-06-12 12:35:01,848 INFO com.zaxxer.hikari.HikariDataSource [SpringContextShutdownHook] HikariPool-1 - Shutdown completed.
2021-06-12 12:41:55,726 INFO org.springframework.boot.StartupInfoLogger [main] Starting ProductServiceTest using Java 14.0.2 on DESKTOP-QN882RI with PID 28144 (started by Poongs in D:\Poongs\eclipse-workspace\product-demo-workspace\ProductDemo)
2021-06-12 12:41:55,728 DEBUG org.springframework.boot.StartupInfoLogger [main] Running with Spring Boot v2.4.0, Spring v5.3.1
2021-06-12 12:41:55,730 INFO org.springframework.boot.SpringApplication [main] No active profile set, falling back to default profiles: default
2021-06-12 12:41:55,731 INFO org.hibernate.validator.internal.util.Version [background-preinit] HV000001: Hibernate Validator 6.1.6.Final
2021-06-12 12:41:56,611 INFO org.springframework.data.repository.config.RepositoryConfigurationDelegate [main] Bootstrapping Spring Data JPA repositories in DEFERRED mode.
2021-06-12 12:41:56,669 INFO org.springframework.data.repository.config.RepositoryConfigurationDelegate [main] Finished Spring Data repository scanning in 51 ms. Found 2 JPA repository interfaces.
2021-06-12 12:41:57,084 INFO org.springframework.context.support.PostProcessorRegistrationDelegate$BeanPostProcessorChecker [main] Bean 'org.springframework.security.access.expression.method.DefaultMethodSecurityExpressionHandler@3178219a' of type [org.springframework.security.access.expression.method.DefaultMethodSecurityExpressionHandler] is not eligible for getting processed by all BeanPostProcessors (for example: not eligible for auto-proxying)
2021-06-12 12:41:57,100 INFO org.springframework.context.support.PostProcessorRegistrationDelegate$BeanPostProcessorChecker [main] Bean 'methodSecurityMetadataSource' of type [org.springframework.security.access.method.DelegatingMethodSecurityMetadataSource] is not eligible for getting processed by all BeanPostProcessors (for example: not eligible for auto-proxying)
2021-06-12 12:41:57,300 INFO org.springframework.scheduling.concurrent.ExecutorConfigurationSupport [main] Initializing ExecutorService 'applicationTaskExecutor'
2021-06-12 12:41:57,374 INFO org.hibernate.jpa.internal.util.LogHelper [task-1] HHH000204: Processing PersistenceUnitInfo [name: default]
2021-06-12 12:41:57,477 INFO org.hibernate.Version [task-1] HHH000412: Hibernate ORM core version 5.4.23.Final
2021-06-12 12:41:57,706 WARN org.springframework.boot.autoconfigure.orm.jpa.JpaBaseConfiguration$JpaWebConfiguration [main] spring.jpa.open-in-view is enabled by default. Therefore, database queries may be performed during view rendering. Explicitly configure spring.jpa.open-in-view to disable this warning
2021-06-12 12:41:57,727 INFO org.hibernate.annotations.common.reflection.java.JavaReflectionManager [task-1] HCANN000001: Hibernate Commons Annotations {5.1.2.Final}
2021-06-12 12:41:57,958 INFO com.zaxxer.hikari.HikariDataSource [task-1] HikariPool-1 - Starting...
2021-06-12 12:41:58,120 INFO com.zaxxer.hikari.HikariDataSource [task-1] HikariPool-1 - Start completed.
2021-06-12 12:41:58,180 INFO org.hibernate.dialect.Dialect [task-1] HHH000400: Using dialect: org.hibernate.dialect.H2Dialect
2021-06-12 12:41:59,460 INFO org.springframework.security.web.DefaultSecurityFilterChain [main] Will secure any request with [org.springframework.security.web.context.request.async.WebAsyncManagerIntegrationFilter@71369e1a, org.springframework.security.web.context.SecurityContextPersistenceFilter@2dff7085, org.springframework.security.web.header.HeaderWriterFilter@5eed6dfb, org.springframework.web.filter.CorsFilter@3cf55e0c, org.springframework.security.web.authentication.logout.LogoutFilter@448c92fc, com.example.product.config.JwtRequestFilter@4b033eac, org.springframework.security.web.savedrequest.RequestCacheAwareFilter@5d1d9d73, org.springframework.security.web.servletapi.SecurityContextHolderAwareRequestFilter@7a84788f, org.springframework.security.web.authentication.AnonymousAuthenticationFilter@ee96866, org.springframework.security.web.session.SessionManagementFilter@1f129467, org.springframework.security.web.access.ExceptionTranslationFilter@6b162ecc, org.springframework.security.web.access.intercept.FilterSecurityInterceptor@2b01c689]
2021-06-12 12:41:59,582 INFO org.hibernate.engine.transaction.jta.platform.internal.JtaPlatformInitiator [task-1] HHH000490: Using JtaPlatform implementation: [org.hibernate.engine.transaction.jta.platform.internal.NoJtaPlatform]
2021-06-12 12:41:59,596 INFO org.springframework.orm.jpa.AbstractEntityManagerFactoryBean [task-1] Initialized JPA EntityManagerFactory for persistence unit 'default'
2021-06-12 12:42:00,348 INFO org.springframework.data.repository.config.DeferredRepositoryInitializationListener [main] Triggering deferred initialization of Spring Data repositories…
2021-06-12 12:42:00,845 INFO org.springframework.data.repository.config.DeferredRepositoryInitializationListener [main] Spring Data repositories initialized!
2021-06-12 12:42:00,854 INFO org.springframework.boot.StartupInfoLogger [main] Started ProductServiceTest in 5.444 seconds (JVM running for 6.342)
2021-06-12 12:42:01,162 INFO com.example.product.service.ProductServiceImpl [main] Entered service getProducts()
2021-06-12 12:42:01,187 INFO com.example.product.service.ProductServiceImpl [main] Entered service getAllProducts()
2021-06-12 12:42:01,196 INFO com.example.product.service.ProductServiceImpl [main] Entered service getProducts()
2021-06-12 12:42:01,225 INFO com.example.product.service.ProductServiceImpl [main] Entered service addProducts()
2021-06-12 12:42:01,234 INFO com.example.product.service.ProductServiceImpl [main] Entered service deleteProducts()
2021-06-12 12:42:01,246 INFO com.example.product.service.ProductServiceImpl [main] Entered service getAllProducts()
2021-06-12 12:42:01,258 INFO org.springframework.orm.jpa.AbstractEntityManagerFactoryBean [SpringContextShutdownHook] Closing JPA EntityManagerFactory for persistence unit 'default'
2021-06-12 12:42:01,261 INFO org.springframework.scheduling.concurrent.ExecutorConfigurationSupport [SpringContextShutdownHook] Shutting down ExecutorService 'applicationTaskExecutor'
2021-06-12 12:42:01,261 INFO com.zaxxer.hikari.HikariDataSource [SpringContextShutdownHook] HikariPool-1 - Shutdown initiated...
2021-06-12 12:42:01,264 INFO com.zaxxer.hikari.HikariDataSource [SpringContextShutdownHook] HikariPool-1 - Shutdown completed.
2021-06-12 12:42:35,796 INFO org.springframework.boot.StartupInfoLogger [main] Starting ProductServiceTest using Java 14.0.2 on DESKTOP-QN882RI with PID 38148 (started by Poongs in D:\Poongs\eclipse-workspace\product-demo-workspace\ProductDemo)
2021-06-12 12:42:35,798 DEBUG org.springframework.boot.StartupInfoLogger [main] Running with Spring Boot v2.4.0, Spring v5.3.1
2021-06-12 12:42:35,800 INFO org.springframework.boot.SpringApplication [main] No active profile set, falling back to default profiles: default
2021-06-12 12:42:35,809 INFO org.hibernate.validator.internal.util.Version [background-preinit] HV000001: Hibernate Validator 6.1.6.Final
2021-06-12 12:42:36,614 INFO org.springframework.data.repository.config.RepositoryConfigurationDelegate [main] Bootstrapping Spring Data JPA repositories in DEFERRED mode.
2021-06-12 12:42:36,670 INFO org.springframework.data.repository.config.RepositoryConfigurationDelegate [main] Finished Spring Data repository scanning in 50 ms. Found 2 JPA repository interfaces.
2021-06-12 12:42:37,073 INFO org.springframework.context.support.PostProcessorRegistrationDelegate$BeanPostProcessorChecker [main] Bean 'org.springframework.security.access.expression.method.DefaultMethodSecurityExpressionHandler@3178219a' of type [org.springframework.security.access.expression.method.DefaultMethodSecurityExpressionHandler] is not eligible for getting processed by all BeanPostProcessors (for example: not eligible for auto-proxying)
2021-06-12 12:42:37,095 INFO org.springframework.context.support.PostProcessorRegistrationDelegate$BeanPostProcessorChecker [main] Bean 'methodSecurityMetadataSource' of type [org.springframework.security.access.method.DelegatingMethodSecurityMetadataSource] is not eligible for getting processed by all BeanPostProcessors (for example: not eligible for auto-proxying)
2021-06-12 12:42:37,303 INFO org.springframework.scheduling.concurrent.ExecutorConfigurationSupport [main] Initializing ExecutorService 'applicationTaskExecutor'
2021-06-12 12:42:37,373 INFO org.hibernate.jpa.internal.util.LogHelper [task-1] HHH000204: Processing PersistenceUnitInfo [name: default]
2021-06-12 12:42:37,445 INFO org.hibernate.Version [task-1] HHH000412: Hibernate ORM core version 5.4.23.Final
2021-06-12 12:42:37,639 INFO org.hibernate.annotations.common.reflection.java.JavaReflectionManager [task-1] HCANN000001: Hibernate Commons Annotations {5.1.2.Final}
2021-06-12 12:42:37,689 WARN org.springframework.boot.autoconfigure.orm.jpa.JpaBaseConfiguration$JpaWebConfiguration [main] spring.jpa.open-in-view is enabled by default. Therefore, database queries may be performed during view rendering. Explicitly configure spring.jpa.open-in-view to disable this warning
2021-06-12 12:42:37,830 INFO com.zaxxer.hikari.HikariDataSource [task-1] HikariPool-1 - Starting...
2021-06-12 12:42:37,963 INFO com.zaxxer.hikari.HikariDataSource [task-1] HikariPool-1 - Start completed.
2021-06-12 12:42:38,004 INFO org.hibernate.dialect.Dialect [task-1] HHH000400: Using dialect: org.hibernate.dialect.H2Dialect
2021-06-12 12:42:38,990 INFO org.hibernate.engine.transaction.jta.platform.internal.JtaPlatformInitiator [task-1] HHH000490: Using JtaPlatform implementation: [org.hibernate.engine.transaction.jta.platform.internal.NoJtaPlatform]
2021-06-12 12:42:39,046 INFO org.springframework.orm.jpa.AbstractEntityManagerFactoryBean [task-1] Initialized JPA EntityManagerFactory for persistence unit 'default'
2021-06-12 12:42:39,122 INFO org.springframework.security.web.DefaultSecurityFilterChain [main] Will secure any request with [org.springframework.security.web.context.request.async.WebAsyncManagerIntegrationFilter@6d31f106, org.springframework.security.web.context.SecurityContextPersistenceFilter@3709748f, org.springframework.security.web.header.HeaderWriterFilter@53a50b0a, org.springframework.web.filter.CorsFilter@587f4f63, org.springframework.security.web.authentication.logout.LogoutFilter@7f27f59b, com.example.product.config.JwtRequestFilter@236ae13d, org.springframework.security.web.savedrequest.RequestCacheAwareFilter@22d477c2, org.springframework.security.web.servletapi.SecurityContextHolderAwareRequestFilter@26e8ff8c, org.springframework.security.web.authentication.AnonymousAuthenticationFilter@660b1a9d, org.springframework.security.web.session.SessionManagementFilter@5a14e60d, org.springframework.security.web.access.ExceptionTranslationFilter@3a296107, org.springframework.security.web.access.intercept.FilterSecurityInterceptor@7b8aebd0]
2021-06-12 12:42:39,818 INFO org.springframework.data.repository.config.DeferredRepositoryInitializationListener [main] Triggering deferred initialization of Spring Data repositories…
2021-06-12 12:42:40,270 INFO org.springframework.data.repository.config.DeferredRepositoryInitializationListener [main] Spring Data repositories initialized!
2021-06-12 12:42:40,284 INFO org.springframework.boot.StartupInfoLogger [main] Started ProductServiceTest in 4.839 seconds (JVM running for 5.622)
2021-06-12 12:42:40,571 INFO com.example.product.service.ProductServiceImpl [main] Entered service getProducts()
2021-06-12 12:42:40,602 INFO com.example.product.service.ProductServiceImpl [main] Entered service getAllProducts()
2021-06-12 12:42:40,613 INFO com.example.product.service.ProductServiceImpl [main] Entered service getProducts()
2021-06-12 12:42:40,623 INFO com.example.product.service.ProductServiceImpl [main] Entered service updateProducts()
2021-06-12 12:42:40,640 INFO com.example.product.service.ProductServiceImpl [main] Entered service addProducts()
2021-06-12 12:42:40,651 INFO com.example.product.service.ProductServiceImpl [main] Entered service deleteProducts()
2021-06-12 12:42:40,663 INFO com.example.product.service.ProductServiceImpl [main] Entered service getAllProducts()
2021-06-12 12:42:40,680 INFO org.springframework.orm.jpa.AbstractEntityManagerFactoryBean [SpringContextShutdownHook] Closing JPA EntityManagerFactory for persistence unit 'default'
2021-06-12 12:42:40,684 INFO org.springframework.scheduling.concurrent.ExecutorConfigurationSupport [SpringContextShutdownHook] Shutting down ExecutorService 'applicationTaskExecutor'
2021-06-12 12:42:40,685 INFO com.zaxxer.hikari.HikariDataSource [SpringContextShutdownHook] HikariPool-1 - Shutdown initiated...
2021-06-12 12:42:40,688 INFO com.zaxxer.hikari.HikariDataSource [SpringContextShutdownHook] HikariPool-1 - Shutdown completed.
2021-06-12 13:12:48,564 WARN com.example.product.config.JwtRequestFilter [http-nio-8088-exec-10] JWT Token does not begin with Bearer String
2021-06-12 13:14:00,390 WARN com.example.product.config.JwtRequestFilter [http-nio-8088-exec-4] JWT Token does not begin with Bearer String
2021-06-12 13:14:36,537 WARN com.example.product.config.JwtRequestFilter [http-nio-8088-exec-7] JWT Token does not begin with Bearer String
2021-06-12 13:15:56,921 WARN com.example.product.config.JwtRequestFilter [http-nio-8088-exec-6] JWT Token does not begin with Bearer String
2021-06-12 13:20:54,927 WARN com.example.product.config.JwtRequestFilter [http-nio-8088-exec-3] JWT Token does not begin with Bearer String
2021-06-12 13:20:54,964 WARN com.example.product.config.JwtRequestFilter [http-nio-8088-exec-1] JWT Token does not begin with Bearer String
2021-06-12 13:20:55,010 WARN com.example.product.config.JwtRequestFilter [http-nio-8088-exec-10] JWT Token does not begin with Bearer String
2021-06-12 13:20:55,010 WARN com.example.product.config.JwtRequestFilter [http-nio-8088-exec-4] JWT Token does not begin with Bearer String
2021-06-12 13:20:55,011 WARN com.example.product.config.JwtRequestFilter [http-nio-8088-exec-2] JWT Token does not begin with Bearer String
2021-06-12 13:21:33,690 WARN com.example.product.config.JwtRequestFilter [http-nio-8088-exec-3] JWT Token does not begin with Bearer String
2021-06-12 13:21:33,700 WARN com.example.product.config.JwtRequestFilter [http-nio-8088-exec-1] JWT Token does not begin with Bearer String
2021-06-12 13:21:33,776 WARN com.example.product.config.JwtRequestFilter [http-nio-8088-exec-10] JWT Token does not begin with Bearer String
2021-06-12 13:21:33,779 WARN com.example.product.config.JwtRequestFilter [http-nio-8088-exec-2] JWT Token does not begin with Bearer String
2021-06-12 13:21:33,779 WARN com.example.product.config.JwtRequestFilter [http-nio-8088-exec-4] JWT Token does not begin with Bearer String
2021-06-12 13:21:34,001 WARN com.example.product.config.JwtRequestFilter [http-nio-8088-exec-9] JWT Token does not begin with Bearer String
2021-06-12 13:21:48,950 WARN com.example.product.config.JwtRequestFilter [http-nio-8088-exec-6] JWT Token does not begin with Bearer String
2021-06-12 13:21:49,204 WARN com.example.product.config.JwtRequestFilter [http-nio-8088-exec-3] JWT Token does not begin with Bearer String
2021-06-12 13:21:56,413 WARN com.example.product.config.JwtRequestFilter [http-nio-8088-exec-1] JWT Token does not begin with Bearer String
2021-06-12 21:27:51,449 WARN com.zaxxer.hikari.pool.HikariPool$HouseKeeper [HikariPool-11 housekeeper] HikariPool-11 - Thread starvation or clock leap detected (housekeeper delta=46m31s20ms943µs900ns).
2021-06-12 21:37:17,365 WARN com.zaxxer.hikari.pool.HikariPool$HouseKeeper [HikariPool-11 housekeeper] HikariPool-11 - Thread starvation or clock leap detected (housekeeper delta=53s565ms493µs400ns).
